2016-07-07 11:25:29,148 [Worker-7] INFO  o.e.m.c.i.p.ProjectConfigurationManager - Collecting project info '/pom.xml' /home/karola/EclipseProjects/CSV_MySQL/csv_mySQL/pom.xml
2016-07-07 11:25:32,623 [Worker-7] INFO  o.e.m.c.i.l.LifecycleMappingFactory - Using org.eclipse.m2e.jdt.JarLifecycleMapping lifecycle mapping for MavenProject: com.karola:csv_mySQL:0.0.1-SNAPSHOT @ /home/karola/EclipseProjects/CSV_MySQL/csv_mySQL/pom.xml.
2016-07-07 11:25:33,498 [Worker-7] INFO  o.e.m.j.i.AbstractJavaProjectConfigurator - Adding source folder /csv_mySQL/src/main/java
2016-07-07 11:25:33,499 [Worker-7] INFO  o.e.m.j.i.AbstractJavaProjectConfigurator - Adding source folder /csv_mySQL/src/test/java
2016-07-07 11:25:34,684 [Worker-7] INFO  o.e.m.c.i.p.ProjectConfigurationManager - Imported and configured 1 project(s) in 5 sec
2016-07-07 11:25:35,092 [Worker-11] INFO  o.e.m.c.i.embedder.EclipseLogger - Using 'UTF-8' encoding to copy filtered resources.
2016-07-07 11:25:35,092 [Worker-11] INFO  o.e.m.c.i.embedder.EclipseLogger - skip non existing resourceDirectory /home/karola/EclipseProjects/CSV_MySQL/csv_mySQL/src/main/resources
2016-07-07 11:25:35,094 [Worker-11] INFO  o.e.m.c.i.embedder.EclipseLogger - Using 'UTF-8' encoding to copy filtered resources.
2016-07-07 11:25:35,094 [Worker-11] INFO  o.e.m.c.i.embedder.EclipseLogger - skip non existing resourceDirectory /home/karola/EclipseProjects/CSV_MySQL/csv_mySQL/src/test/resources
2016-07-07 11:27:18,795 [Worker-5] INFO  o.e.m.c.i.l.LifecycleMappingFactory - Using org.eclipse.m2e.jdt.JarLifecycleMapping lifecycle mapping for MavenProject: com.karola:csv_mySQL:0.0.1-SNAPSHOT @ /home/karola/EclipseProjects/CSV_MySQL/csv_mySQL/pom.xml.
2016-07-07 11:27:18,848 [Worker-5] INFO  o.e.m.c.i.e.AbstractTransferListenerAdapter - Downloaded https://repo.maven.apache.org/maven2/org/springframework/spring-core/${spring.version}/spring-core-${spring.version}.pom
2016-07-07 11:27:18,851 [Worker-5] INFO  o.e.m.c.i.e.AbstractTransferListenerAdapter - Downloaded https://repo.maven.apache.org/maven2/org/springframework/spring-jdbc/${spring.version}/spring-jdbc-${spring.version}.pom
2016-07-07 11:27:18,852 [Worker-5] INFO  o.e.m.c.i.e.AbstractTransferListenerAdapter - Downloaded https://repo.maven.apache.org/maven2/org/springframework/batch/spring-batch-core/${spring.batch.version}/spring-batch-core-${spring.batch.version}.pom
2016-07-07 11:27:18,854 [Worker-5] INFO  o.e.m.c.i.e.AbstractTransferListenerAdapter - Downloaded https://repo.maven.apache.org/maven2/org/springframework/batch/spring-batch-infrastructure/${spring.batch.version}/spring-batch-infrastructure-${spring.batch.version}.pom
2016-07-07 11:27:18,855 [Worker-5] INFO  o.e.m.c.i.e.AbstractTransferListenerAdapter - Downloaded https://repo.maven.apache.org/maven2/mysql/mysql-connector-java/${mysql.driver.version}/mysql-connector-java-${mysql.driver.version}.pom
2016-07-07 11:27:19,052 [Worker-16] ERROR o.e.m.c.embedder.MavenModelManager - Project read error
org.eclipse.aether.collection.DependencyCollectionException: Failed to collect dependencies at org.springframework:spring-core:jar:${spring.version}
	at org.eclipse.aether.internal.impl.DefaultDependencyCollector.collectDependencies(DefaultDependencyCollector.java:291) ~[aether-impl-1.0.2.v20150114.jar:na]
	at org.eclipse.aether.internal.impl.DefaultRepositorySystem.collectDependencies(DefaultRepositorySystem.java:316) ~[aether-impl-1.0.2.v20150114.jar:na]
	at org.eclipse.m2e.core.embedder.MavenModelManager.readDependencyTree(MavenModelManager.java:230) [org.eclipse.m2e.core_1.6.2.20150902-0002.jar:na]
	at org.eclipse.m2e.core.embedder.MavenModelManager$1.call(MavenModelManager.java:187) [org.eclipse.m2e.core_1.6.2.20150902-0002.jar:na]
	at org.eclipse.m2e.core.embedder.MavenModelManager$1.call(MavenModelManager.java:1) [org.eclipse.m2e.core_1.6.2.20150902-0002.jar:na]
	at org.eclipse.m2e.core.internal.embedder.MavenExecutionContext.executeBare(MavenExecutionContext.java:176) [org.eclipse.m2e.core_1.6.2.20150902-0002.jar:na]
	at org.eclipse.m2e.core.internal.embedder.MavenExecutionContext.execute(MavenExecutionContext.java:112) [org.eclipse.m2e.core_1.6.2.20150902-0002.jar:na]
	at org.eclipse.m2e.core.internal.project.registry.MavenProjectManager$1.call(MavenProjectManager.java:124) [org.eclipse.m2e.core_1.6.2.20150902-0002.jar:na]
	at org.eclipse.m2e.core.internal.embedder.MavenExecutionContext.executeBare(MavenExecutionContext.java:176) [org.eclipse.m2e.core_1.6.2.20150902-0002.jar:na]
	at org.eclipse.m2e.core.internal.embedder.MavenExecutionContext.execute(MavenExecutionContext.java:151) [org.eclipse.m2e.core_1.6.2.20150902-0002.jar:na]
	at org.eclipse.m2e.core.internal.embedder.MavenExecutionContext.execute(MavenExecutionContext.java:99) [org.eclipse.m2e.core_1.6.2.20150902-0002.jar:na]
	at org.eclipse.m2e.core.internal.project.registry.MavenProjectManager.execute(MavenProjectManager.java:122) [org.eclipse.m2e.core_1.6.2.20150902-0002.jar:na]
	at org.eclipse.m2e.core.embedder.MavenModelManager.readDependencyTree(MavenModelManager.java:191) [org.eclipse.m2e.core_1.6.2.20150902-0002.jar:na]
	at org.eclipse.m2e.editor.pom.MavenPomEditor.readDependencyTree(MavenPomEditor.java:684) [org.eclipse.m2e.editor_1.6.2.20150902-0002.jar:na]
	at org.eclipse.m2e.editor.pom.DependencyTreePage$1.run(DependencyTreePage.java:222) [org.eclipse.m2e.editor_1.6.2.20150902-0002.jar:na]
	at org.eclipse.core.internal.jobs.Worker.run(Worker.java:55) [org.eclipse.core.jobs_3.7.0.v20150330-2103.jar:na]
Caused by: org.eclipse.aether.resolution.ArtifactDescriptorException: Failed to read artifact descriptor for org.springframework:spring-core:jar:${spring.version}
	at org.apache.maven.repository.internal.DefaultArtifactDescriptorReader.loadPom(DefaultArtifactDescriptorReader.java:302) ~[maven-aether-provider-3.3.3.jar:3.3.3]
	at org.apache.maven.repository.internal.DefaultArtifactDescriptorReader.readArtifactDescriptor(DefaultArtifactDescriptorReader.java:218) ~[maven-aether-provider-3.3.3.jar:3.3.3]
	at org.eclipse.aether.internal.impl.DefaultDependencyCollector.resolveCachedArtifactDescriptor(DefaultDependencyCollector.java:535) ~[aether-impl-1.0.2.v20150114.jar:na]
	at org.eclipse.aether.internal.impl.DefaultDependencyCollector.getArtifactDescriptorResult(DefaultDependencyCollector.java:519) ~[aether-impl-1.0.2.v20150114.jar:na]
	at org.eclipse.aether.internal.impl.DefaultDependencyCollector.processDependency(DefaultDependencyCollector.java:409) ~[aether-impl-1.0.2.v20150114.jar:na]
	at org.eclipse.aether.internal.impl.DefaultDependencyCollector.processDependency(DefaultDependencyCollector.java:363) ~[aether-impl-1.0.2.v20150114.jar:na]
	at org.eclipse.aether.internal.impl.DefaultDependencyCollector.process(DefaultDependencyCollector.java:351) ~[aether-impl-1.0.2.v20150114.jar:na]
	at org.eclipse.aether.internal.impl.DefaultDependencyCollector.collectDependencies(DefaultDependencyCollector.java:254) ~[aether-impl-1.0.2.v20150114.jar:na]
	... 15 common frames omitted
Caused by: org.eclipse.aether.resolution.ArtifactResolutionException: Failure to transfer org.springframework:spring-core:pom:${spring.version} from https://repo.maven.apache.org/maven2 was cached in the local repository, resolution will not be reattempted until the update interval of central has elapsed or updates are forced. Original error: Could not transfer artifact org.springframework:spring-core:pom:${spring.version} from/to central (https://repo.maven.apache.org/maven2): Illegal character in path at index 70: https://repo.maven.apache.org/maven2/org/springframework/spring-core/${spring.version}/spring-core-${spring.version}.pom
	at org.eclipse.aether.internal.impl.DefaultArtifactResolver.resolve(DefaultArtifactResolver.java:444) ~[aether-impl-1.0.2.v20150114.jar:na]
	at org.eclipse.aether.internal.impl.DefaultArtifactResolver.resolveArtifacts(DefaultArtifactResolver.java:246) ~[aether-impl-1.0.2.v20150114.jar:na]
	at org.eclipse.aether.internal.impl.DefaultArtifactResolver.resolveArtifact(DefaultArtifactResolver.java:223) ~[aether-impl-1.0.2.v20150114.jar:na]
	at org.apache.maven.repository.internal.DefaultArtifactDescriptorReader.loadPom(DefaultArtifactDescriptorReader.java:287) ~[maven-aether-provider-3.3.3.jar:3.3.3]
	... 22 common frames omitted
Caused by: org.eclipse.aether.transfer.ArtifactTransferException: Failure to transfer org.springframework:spring-core:pom:${spring.version} from https://repo.maven.apache.org/maven2 was cached in the local repository, resolution will not be reattempted until the update interval of central has elapsed or updates are forced. Original error: Could not transfer artifact org.springframework:spring-core:pom:${spring.version} from/to central (https://repo.maven.apache.org/maven2): Illegal character in path at index 70: https://repo.maven.apache.org/maven2/org/springframework/spring-core/${spring.version}/spring-core-${spring.version}.pom
	at org.eclipse.aether.internal.impl.DefaultUpdateCheckManager.newException(DefaultUpdateCheckManager.java:238) ~[aether-impl-1.0.2.v20150114.jar:na]
	at org.eclipse.aether.internal.impl.DefaultUpdateCheckManager.checkArtifact(DefaultUpdateCheckManager.java:206) ~[aether-impl-1.0.2.v20150114.jar:na]
	at org.eclipse.aether.internal.impl.DefaultArtifactResolver.gatherDownloads(DefaultArtifactResolver.java:585) ~[aether-impl-1.0.2.v20150114.jar:na]
	at org.eclipse.aether.internal.impl.DefaultArtifactResolver.performDownloads(DefaultArtifactResolver.java:503) ~[aether-impl-1.0.2.v20150114.jar:na]
	at org.eclipse.aether.internal.impl.DefaultArtifactResolver.resolve(DefaultArtifactResolver.java:421) ~[aether-impl-1.0.2.v20150114.jar:na]
	... 25 common frames omitted
2016-07-07 11:27:19,098 [Worker-16] ERROR o.e.m.editor.pom.DependencyTreePage - Project read error
org.eclipse.core.runtime.CoreException: Project read error
	at org.eclipse.m2e.core.embedder.MavenModelManager.readDependencyTree(MavenModelManager.java:234) ~[na:na]
	at org.eclipse.m2e.core.embedder.MavenModelManager$1.call(MavenModelManager.java:187) ~[na:na]
	at org.eclipse.m2e.core.embedder.MavenModelManager$1.call(MavenModelManager.java:1) ~[na:na]
	at org.eclipse.m2e.core.internal.embedder.MavenExecutionContext.executeBare(MavenExecutionContext.java:176) ~[na:na]
	at org.eclipse.m2e.core.internal.embedder.MavenExecutionContext.execute(MavenExecutionContext.java:112) ~[na:na]
	at org.eclipse.m2e.core.internal.project.registry.MavenProjectManager$1.call(MavenProjectManager.java:124) ~[na:na]
	at org.eclipse.m2e.core.internal.embedder.MavenExecutionContext.executeBare(MavenExecutionContext.java:176) ~[na:na]
	at org.eclipse.m2e.core.internal.embedder.MavenExecutionContext.execute(MavenExecutionContext.java:151) ~[na:na]
	at org.eclipse.m2e.core.internal.embedder.MavenExecutionContext.execute(MavenExecutionContext.java:99) ~[na:na]
	at org.eclipse.m2e.core.internal.project.registry.MavenProjectManager.execute(MavenProjectManager.java:122) ~[na:na]
	at org.eclipse.m2e.core.embedder.MavenModelManager.readDependencyTree(MavenModelManager.java:191) ~[na:na]
	at org.eclipse.m2e.editor.pom.MavenPomEditor.readDependencyTree(MavenPomEditor.java:684) ~[na:na]
	at org.eclipse.m2e.editor.pom.DependencyTreePage$1.run(DependencyTreePage.java:222) ~[na:na]
	at org.eclipse.core.internal.jobs.Worker.run(Worker.java:55) [org.eclipse.core.jobs_3.7.0.v20150330-2103.jar:na]
Caused by: org.eclipse.aether.collection.DependencyCollectionException: Failed to collect dependencies at org.springframework:spring-core:jar:${spring.version}
	at org.eclipse.aether.internal.impl.DefaultDependencyCollector.collectDependencies(DefaultDependencyCollector.java:291) ~[na:na]
	at org.eclipse.aether.internal.impl.DefaultRepositorySystem.collectDependencies(DefaultRepositorySystem.java:316) ~[na:na]
	at org.eclipse.m2e.core.embedder.MavenModelManager.readDependencyTree(MavenModelManager.java:230) ~[na:na]
	... 13 common frames omitted
Caused by: org.eclipse.aether.resolution.ArtifactDescriptorException: Failed to read artifact descriptor for org.springframework:spring-core:jar:${spring.version}
	at org.apache.maven.repository.internal.DefaultArtifactDescriptorReader.loadPom(DefaultArtifactDescriptorReader.java:302) ~[na:na]
	at org.apache.maven.repository.internal.DefaultArtifactDescriptorReader.readArtifactDescriptor(DefaultArtifactDescriptorReader.java:218) ~[na:na]
	at org.eclipse.aether.internal.impl.DefaultDependencyCollector.resolveCachedArtifactDescriptor(DefaultDependencyCollector.java:535) ~[na:na]
	at org.eclipse.aether.internal.impl.DefaultDependencyCollector.getArtifactDescriptorResult(DefaultDependencyCollector.java:519) ~[na:na]
	at org.eclipse.aether.internal.impl.DefaultDependencyCollector.processDependency(DefaultDependencyCollector.java:409) ~[na:na]
	at org.eclipse.aether.internal.impl.DefaultDependencyCollector.processDependency(DefaultDependencyCollector.java:363) ~[na:na]
	at org.eclipse.aether.internal.impl.DefaultDependencyCollector.process(DefaultDependencyCollector.java:351) ~[na:na]
	at org.eclipse.aether.internal.impl.DefaultDependencyCollector.collectDependencies(DefaultDependencyCollector.java:254) ~[na:na]
	... 15 common frames omitted
Caused by: org.eclipse.aether.resolution.ArtifactResolutionException: Failure to transfer org.springframework:spring-core:pom:${spring.version} from https://repo.maven.apache.org/maven2 was cached in the local repository, resolution will not be reattempted until the update interval of central has elapsed or updates are forced. Original error: Could not transfer artifact org.springframework:spring-core:pom:${spring.version} from/to central (https://repo.maven.apache.org/maven2): Illegal character in path at index 70: https://repo.maven.apache.org/maven2/org/springframework/spring-core/${spring.version}/spring-core-${spring.version}.pom
	at org.eclipse.aether.internal.impl.DefaultArtifactResolver.resolve(DefaultArtifactResolver.java:444) ~[na:na]
	at org.eclipse.aether.internal.impl.DefaultArtifactResolver.resolveArtifacts(DefaultArtifactResolver.java:246) ~[na:na]
	at org.eclipse.aether.internal.impl.DefaultArtifactResolver.resolveArtifact(DefaultArtifactResolver.java:223) ~[na:na]
	at org.apache.maven.repository.internal.DefaultArtifactDescriptorReader.loadPom(DefaultArtifactDescriptorReader.java:287) ~[na:na]
	... 22 common frames omitted
Caused by: org.eclipse.aether.transfer.ArtifactTransferException: Failure to transfer org.springframework:spring-core:pom:${spring.version} from https://repo.maven.apache.org/maven2 was cached in the local repository, resolution will not be reattempted until the update interval of central has elapsed or updates are forced. Original error: Could not transfer artifact org.springframework:spring-core:pom:${spring.version} from/to central (https://repo.maven.apache.org/maven2): Illegal character in path at index 70: https://repo.maven.apache.org/maven2/org/springframework/spring-core/${spring.version}/spring-core-${spring.version}.pom
	at org.eclipse.aether.internal.impl.DefaultUpdateCheckManager.newException(DefaultUpdateCheckManager.java:238) ~[na:na]
	at org.eclipse.aether.internal.impl.DefaultUpdateCheckManager.checkArtifact(DefaultUpdateCheckManager.java:206) ~[na:na]
	at org.eclipse.aether.internal.impl.DefaultArtifactResolver.gatherDownloads(DefaultArtifactResolver.java:585) ~[na:na]
	at org.eclipse.aether.internal.impl.DefaultArtifactResolver.performDownloads(DefaultArtifactResolver.java:503) ~[na:na]
	at org.eclipse.aether.internal.impl.DefaultArtifactResolver.resolve(DefaultArtifactResolver.java:421) ~[na:na]
	... 25 common frames omitted
2016-07-07 11:27:19,107 [Worker-5] INFO  o.e.m.c.i.embedder.EclipseLogger - Using 'UTF-8' encoding to copy filtered resources.
2016-07-07 11:27:19,107 [Worker-5] INFO  o.e.m.c.i.embedder.EclipseLogger - skip non existing resourceDirectory /home/karola/EclipseProjects/CSV_MySQL/csv_mySQL/src/main/resources
2016-07-07 11:27:19,109 [Worker-5] INFO  o.e.m.c.i.embedder.EclipseLogger - Using 'UTF-8' encoding to copy filtered resources.
2016-07-07 11:27:19,109 [Worker-5] INFO  o.e.m.c.i.embedder.EclipseLogger - skip non existing resourceDirectory /home/karola/EclipseProjects/CSV_MySQL/csv_mySQL/src/test/resources
2016-07-07 11:28:24,348 [Worker-16] INFO  o.e.m.c.i.l.LifecycleMappingFactory - Using org.eclipse.m2e.jdt.JarLifecycleMapping lifecycle mapping for MavenProject: com.karola:csv_mySQL:0.0.1-SNAPSHOT @ /home/karola/EclipseProjects/CSV_MySQL/csv_mySQL/pom.xml.
2016-07-07 11:28:24,407 [Worker-16] INFO  o.e.m.c.i.embedder.EclipseLogger - Using 'UTF-8' encoding to copy filtered resources.
2016-07-07 11:28:24,408 [Worker-16] INFO  o.e.m.c.i.embedder.EclipseLogger - skip non existing resourceDirectory /home/karola/EclipseProjects/CSV_MySQL/csv_mySQL/src/main/resources
2016-07-07 11:28:24,409 [Worker-16] INFO  o.e.m.c.i.embedder.EclipseLogger - Using 'UTF-8' encoding to copy filtered resources.
2016-07-07 11:28:24,409 [Worker-16] INFO  o.e.m.c.i.embedder.EclipseLogger - skip non existing resourceDirectory /home/karola/EclipseProjects/CSV_MySQL/csv_mySQL/src/test/resources
2016-07-07 11:28:25,587 [Worker-12] INFO  o.e.m.c.i.embedder.EclipseLogger - Using 'UTF-8' encoding to copy filtered resources.
2016-07-07 11:28:25,587 [Worker-12] INFO  o.e.m.c.i.embedder.EclipseLogger - skip non existing resourceDirectory /home/karola/EclipseProjects/CSV_MySQL/csv_mySQL/src/main/resources
2016-07-07 11:28:25,588 [Worker-12] INFO  o.e.m.c.i.embedder.EclipseLogger - Using 'UTF-8' encoding to copy filtered resources.
2016-07-07 11:28:25,588 [Worker-12] INFO  o.e.m.c.i.embedder.EclipseLogger - skip non existing resourceDirectory /home/karola/EclipseProjects/CSV_MySQL/csv_mySQL/src/test/resources
2016-07-07 11:31:45,264 [Worker-16] INFO  o.e.m.c.i.l.LifecycleMappingFactory - Using org.eclipse.m2e.jdt.JarLifecycleMapping lifecycle mapping for MavenProject: com.karola:csv_mySQL:0.0.1-SNAPSHOT @ /home/karola/EclipseProjects/CSV_MySQL/csv_mySQL/pom.xml.
2016-07-07 11:31:45,573 [Worker-16] INFO  o.e.m.c.i.e.AbstractTransferListenerAdapter - Downloading https://repo.maven.apache.org/maven2/org/springframework/spring-core/4.3.1.RELEASE/spring-core-4.3.1.RELEASE.pom
2016-07-07 11:31:45,643 [Worker-16] INFO  o.e.m.c.i.e.AbstractTransferListenerAdapter - Downloaded https://repo.maven.apache.org/maven2/org/springframework/spring-core/4.3.1.RELEASE/spring-core-4.3.1.RELEASE.pom
2016-07-07 11:31:45,714 [Worker-16] INFO  o.e.m.c.i.e.AbstractTransferListenerAdapter - Downloading https://repo.maven.apache.org/maven2/org/springframework/spring-jdbc/4.3.1.RELEASE/spring-jdbc-4.3.1.RELEASE.pom
2016-07-07 11:31:45,754 [Worker-16] INFO  o.e.m.c.i.e.AbstractTransferListenerAdapter - Downloaded https://repo.maven.apache.org/maven2/org/springframework/spring-jdbc/4.3.1.RELEASE/spring-jdbc-4.3.1.RELEASE.pom
2016-07-07 11:31:45,798 [Worker-16] INFO  o.e.m.c.i.e.AbstractTransferListenerAdapter - Downloading https://repo.maven.apache.org/maven2/org/springframework/spring-beans/4.3.1.RELEASE/spring-beans-4.3.1.RELEASE.pom
2016-07-07 11:31:45,836 [Worker-16] INFO  o.e.m.c.i.e.AbstractTransferListenerAdapter - Downloaded https://repo.maven.apache.org/maven2/org/springframework/spring-beans/4.3.1.RELEASE/spring-beans-4.3.1.RELEASE.pom
2016-07-07 11:31:45,877 [Worker-16] INFO  o.e.m.c.i.e.AbstractTransferListenerAdapter - Downloading https://repo.maven.apache.org/maven2/org/springframework/spring-tx/4.3.1.RELEASE/spring-tx-4.3.1.RELEASE.pom
2016-07-07 11:31:45,919 [Worker-16] INFO  o.e.m.c.i.e.AbstractTransferListenerAdapter - Downloaded https://repo.maven.apache.org/maven2/org/springframework/spring-tx/4.3.1.RELEASE/spring-tx-4.3.1.RELEASE.pom
2016-07-07 11:31:46,247 [Worker-16] INFO  o.e.m.c.i.e.AbstractTransferListenerAdapter - Downloading https://repo.maven.apache.org/maven2/mysql/mysql-connector-java/6.0.3/mysql-connector-java-6.0.3.pom
2016-07-07 11:31:46,287 [Worker-16] INFO  o.e.m.c.i.e.AbstractTransferListenerAdapter - Downloaded https://repo.maven.apache.org/maven2/mysql/mysql-connector-java/6.0.3/mysql-connector-java-6.0.3.pom
2016-07-07 11:31:46,333 [Worker-16] INFO  o.e.m.c.i.e.AbstractTransferListenerAdapter - Downloading https://repo.maven.apache.org/maven2/org/springframework/spring-core/4.3.1.RELEASE/spring-core-4.3.1.RELEASE.jar
2016-07-07 11:31:46,827 [Worker-16] INFO  o.e.m.c.i.e.AbstractTransferListenerAdapter - Downloaded https://repo.maven.apache.org/maven2/org/springframework/spring-core/4.3.1.RELEASE/spring-core-4.3.1.RELEASE.jar
2016-07-07 11:31:46,870 [Worker-16] INFO  o.e.m.c.i.e.AbstractTransferListenerAdapter - Downloading https://repo.maven.apache.org/maven2/org/springframework/spring-jdbc/4.3.1.RELEASE/spring-jdbc-4.3.1.RELEASE.jar
2016-07-07 11:31:47,026 [Worker-16] INFO  o.e.m.c.i.e.AbstractTransferListenerAdapter - Downloaded https://repo.maven.apache.org/maven2/org/springframework/spring-jdbc/4.3.1.RELEASE/spring-jdbc-4.3.1.RELEASE.jar
2016-07-07 11:31:47,072 [Worker-16] INFO  o.e.m.c.i.e.AbstractTransferListenerAdapter - Downloading https://repo.maven.apache.org/maven2/org/springframework/spring-beans/4.3.1.RELEASE/spring-beans-4.3.1.RELEASE.jar
2016-07-07 11:31:47,356 [Worker-16] INFO  o.e.m.c.i.e.AbstractTransferListenerAdapter - Downloaded https://repo.maven.apache.org/maven2/org/springframework/spring-beans/4.3.1.RELEASE/spring-beans-4.3.1.RELEASE.jar
2016-07-07 11:31:47,396 [Worker-16] INFO  o.e.m.c.i.e.AbstractTransferListenerAdapter - Downloading https://repo.maven.apache.org/maven2/org/springframework/spring-tx/4.3.1.RELEASE/spring-tx-4.3.1.RELEASE.jar
2016-07-07 11:31:47,516 [Worker-16] INFO  o.e.m.c.i.e.AbstractTransferListenerAdapter - Downloaded https://repo.maven.apache.org/maven2/org/springframework/spring-tx/4.3.1.RELEASE/spring-tx-4.3.1.RELEASE.jar
2016-07-07 11:31:47,561 [Worker-16] INFO  o.e.m.c.i.e.AbstractTransferListenerAdapter - Downloading https://repo.maven.apache.org/maven2/mysql/mysql-connector-java/6.0.3/mysql-connector-java-6.0.3.jar
2016-07-07 11:31:48,326 [Worker-16] INFO  o.e.m.c.i.e.AbstractTransferListenerAdapter - Downloaded https://repo.maven.apache.org/maven2/mysql/mysql-connector-java/6.0.3/mysql-connector-java-6.0.3.jar
2016-07-07 11:31:49,214 [Worker-16] INFO  o.e.m.c.i.embedder.EclipseLogger - Using 'UTF-8' encoding to copy filtered resources.
2016-07-07 11:31:49,214 [Worker-16] INFO  o.e.m.c.i.embedder.EclipseLogger - skip non existing resourceDirectory /home/karola/EclipseProjects/CSV_MySQL/csv_mySQL/src/main/resources
2016-07-07 11:31:49,216 [Worker-16] INFO  o.e.m.c.i.embedder.EclipseLogger - Using 'UTF-8' encoding to copy filtered resources.
2016-07-07 11:31:49,216 [Worker-16] INFO  o.e.m.c.i.embedder.EclipseLogger - skip non existing resourceDirectory /home/karola/EclipseProjects/CSV_MySQL/csv_mySQL/src/test/resources
2016-07-07 11:31:50,460 [Worker-7] INFO  o.e.m.c.i.embedder.EclipseLogger - Using 'UTF-8' encoding to copy filtered resources.
2016-07-07 11:31:50,460 [Worker-7] INFO  o.e.m.c.i.embedder.EclipseLogger - skip non existing resourceDirectory /home/karola/EclipseProjects/CSV_MySQL/csv_mySQL/src/main/resources
2016-07-07 11:31:50,461 [Worker-7] INFO  o.e.m.c.i.embedder.EclipseLogger - Using 'UTF-8' encoding to copy filtered resources.
2016-07-07 11:31:50,461 [Worker-7] INFO  o.e.m.c.i.embedder.EclipseLogger - skip non existing resourceDirectory /home/karola/EclipseProjects/CSV_MySQL/csv_mySQL/src/test/resources
2016-07-07 11:32:57,535 [Worker-10] INFO  o.e.m.c.i.embedder.EclipseLogger - Using 'UTF-8' encoding to copy filtered resources.
2016-07-07 11:32:57,554 [Worker-10] INFO  o.e.m.c.i.embedder.EclipseLogger - Copying 0 resource
2016-07-07 11:32:57,555 [Worker-10] INFO  o.e.m.c.i.embedder.EclipseLogger - Using 'UTF-8' encoding to copy filtered resources.
2016-07-07 11:32:57,555 [Worker-10] INFO  o.e.m.c.i.embedder.EclipseLogger - skip non existing resourceDirectory /home/karola/EclipseProjects/CSV_MySQL/csv_mySQL/src/test/resources
2016-07-07 11:33:24,961 [Worker-7] INFO  o.e.m.c.i.embedder.EclipseLogger - Using 'UTF-8' encoding to copy filtered resources.
2016-07-07 11:33:24,961 [Worker-7] INFO  o.e.m.c.i.embedder.EclipseLogger - Copying 0 resource
2016-07-07 11:33:24,963 [Worker-7] INFO  o.e.m.c.i.embedder.EclipseLogger - Using 'UTF-8' encoding to copy filtered resources.
2016-07-07 11:33:24,963 [Worker-7] INFO  o.e.m.c.i.embedder.EclipseLogger - skip non existing resourceDirectory /home/karola/EclipseProjects/CSV_MySQL/csv_mySQL/src/test/resources
2016-07-07 11:33:38,117 [Worker-13] INFO  o.e.m.c.i.embedder.EclipseLogger - Using 'UTF-8' encoding to copy filtered resources.
2016-07-07 11:33:38,118 [Worker-13] INFO  o.e.m.c.i.embedder.EclipseLogger - Copying 0 resource
2016-07-07 11:33:38,119 [Worker-13] INFO  o.e.m.c.i.embedder.EclipseLogger - Using 'UTF-8' encoding to copy filtered resources.
2016-07-07 11:33:38,119 [Worker-13] INFO  o.e.m.c.i.embedder.EclipseLogger - skip non existing resourceDirectory /home/karola/EclipseProjects/CSV_MySQL/csv_mySQL/src/test/resources
2016-07-07 11:33:44,494 [Worker-6] INFO  o.e.m.c.i.embedder.EclipseLogger - Using 'UTF-8' encoding to copy filtered resources.
2016-07-07 11:33:44,495 [Worker-6] INFO  o.e.m.c.i.embedder.EclipseLogger - Copying 0 resource
2016-07-07 11:33:44,495 [Worker-6] INFO  o.e.m.c.i.embedder.EclipseLogger - Using 'UTF-8' encoding to copy filtered resources.
2016-07-07 11:33:44,495 [Worker-6] INFO  o.e.m.c.i.embedder.EclipseLogger - skip non existing resourceDirectory /home/karola/EclipseProjects/CSV_MySQL/csv_mySQL/src/test/resources
2016-07-07 11:33:52,141 [Worker-13] INFO  o.e.m.c.i.embedder.EclipseLogger - Using 'UTF-8' encoding to copy filtered resources.
2016-07-07 11:33:52,141 [Worker-13] INFO  o.e.m.c.i.embedder.EclipseLogger - Copying 1 resource
2016-07-07 11:33:52,164 [Worker-13] INFO  o.e.m.c.i.embedder.EclipseLogger - Using 'UTF-8' encoding to copy filtered resources.
2016-07-07 11:33:52,164 [Worker-13] INFO  o.e.m.c.i.embedder.EclipseLogger - skip non existing resourceDirectory /home/karola/EclipseProjects/CSV_MySQL/csv_mySQL/src/test/resources
2016-07-07 11:33:58,538 [Worker-6] INFO  o.e.m.c.i.embedder.EclipseLogger - Using 'UTF-8' encoding to copy filtered resources.
2016-07-07 11:33:58,538 [Worker-6] INFO  o.e.m.c.i.embedder.EclipseLogger - Copying 0 resource
2016-07-07 11:33:58,540 [Worker-6] INFO  o.e.m.c.i.embedder.EclipseLogger - Using 'UTF-8' encoding to copy filtered resources.
2016-07-07 11:33:58,540 [Worker-6] INFO  o.e.m.c.i.embedder.EclipseLogger - skip non existing resourceDirectory /home/karola/EclipseProjects/CSV_MySQL/csv_mySQL/src/test/resources
2016-07-07 11:34:10,743 [Worker-7] INFO  o.e.m.c.i.embedder.EclipseLogger - Using 'UTF-8' encoding to copy filtered resources.
2016-07-07 11:34:10,744 [Worker-7] INFO  o.e.m.c.i.embedder.EclipseLogger - Copying 0 resource
2016-07-07 11:34:10,744 [Worker-7] INFO  o.e.m.c.i.embedder.EclipseLogger - Using 'UTF-8' encoding to copy filtered resources.
2016-07-07 11:34:10,744 [Worker-7] INFO  o.e.m.c.i.embedder.EclipseLogger - skip non existing resourceDirectory /home/karola/EclipseProjects/CSV_MySQL/csv_mySQL/src/test/resources
2016-07-07 11:34:24,374 [Worker-6] INFO  o.e.m.c.i.embedder.EclipseLogger - Using 'UTF-8' encoding to copy filtered resources.
2016-07-07 11:34:24,374 [Worker-6] INFO  o.e.m.c.i.embedder.EclipseLogger - Copying 0 resource
2016-07-07 11:34:24,375 [Worker-6] INFO  o.e.m.c.i.embedder.EclipseLogger - Using 'UTF-8' encoding to copy filtered resources.
2016-07-07 11:34:24,375 [Worker-6] INFO  o.e.m.c.i.embedder.EclipseLogger - skip non existing resourceDirectory /home/karola/EclipseProjects/CSV_MySQL/csv_mySQL/src/test/resources
2016-07-07 11:36:48,808 [Worker-5] INFO  o.e.m.c.i.embedder.EclipseLogger - Using 'UTF-8' encoding to copy filtered resources.
2016-07-07 11:36:48,814 [Worker-5] INFO  o.e.m.c.i.embedder.EclipseLogger - Copying 0 resource
2016-07-07 11:36:48,819 [Worker-5] INFO  o.e.m.c.i.embedder.EclipseLogger - Using 'UTF-8' encoding to copy filtered resources.
2016-07-07 11:36:48,819 [Worker-5] INFO  o.e.m.c.i.embedder.EclipseLogger - skip non existing resourceDirectory /home/karola/EclipseProjects/CSV_MySQL/csv_mySQL/src/test/resources
2016-07-07 11:38:29,413 [Worker-22] INFO  o.e.m.c.i.embedder.EclipseLogger - Using 'UTF-8' encoding to copy filtered resources.
2016-07-07 11:38:29,416 [Worker-22] INFO  o.e.m.c.i.embedder.EclipseLogger - Copying 1 resource
2016-07-07 11:38:29,421 [Worker-22] INFO  o.e.m.c.i.embedder.EclipseLogger - Using 'UTF-8' encoding to copy filtered resources.
2016-07-07 11:38:29,422 [Worker-22] INFO  o.e.m.c.i.embedder.EclipseLogger - skip non existing resourceDirectory /home/karola/EclipseProjects/CSV_MySQL/csv_mySQL/src/test/resources
2016-07-07 11:52:00,216 [Worker-5] INFO  o.e.m.c.i.embedder.EclipseLogger - Using 'UTF-8' encoding to copy filtered resources.
2016-07-07 11:52:00,218 [Worker-5] INFO  o.e.m.c.i.embedder.EclipseLogger - Copying 1 resource
2016-07-07 11:52:00,221 [Worker-5] INFO  o.e.m.c.i.embedder.EclipseLogger - Using 'UTF-8' encoding to copy filtered resources.
2016-07-07 11:52:00,221 [Worker-5] INFO  o.e.m.c.i.embedder.EclipseLogger - skip non existing resourceDirectory /home/karola/EclipseProjects/CSV_MySQL/csv_mySQL/src/test/resources
2016-07-07 11:52:52,118 [Worker-5] INFO  o.e.m.c.i.embedder.EclipseLogger - Using 'UTF-8' encoding to copy filtered resources.
2016-07-07 11:52:52,118 [Worker-5] INFO  o.e.m.c.i.embedder.EclipseLogger - Copying 1 resource
2016-07-07 11:52:52,120 [Worker-5] INFO  o.e.m.c.i.embedder.EclipseLogger - Using 'UTF-8' encoding to copy filtered resources.
2016-07-07 11:52:52,120 [Worker-5] INFO  o.e.m.c.i.embedder.EclipseLogger - skip non existing resourceDirectory /home/karola/EclipseProjects/CSV_MySQL/csv_mySQL/src/test/resources
2016-07-07 12:45:42,065 [Worker-32] INFO  o.e.m.c.i.embedder.EclipseLogger - Using 'UTF-8' encoding to copy filtered resources.
2016-07-07 12:45:42,065 [Worker-32] INFO  o.e.m.c.i.embedder.EclipseLogger - Copying 1 resource
2016-07-07 12:45:42,067 [Worker-32] INFO  o.e.m.c.i.embedder.EclipseLogger - Using 'UTF-8' encoding to copy filtered resources.
2016-07-07 12:45:42,067 [Worker-32] INFO  o.e.m.c.i.embedder.EclipseLogger - skip non existing resourceDirectory /home/karola/EclipseProjects/CSV_MySQL/csv_mySQL/src/test/resources
2016-07-07 12:45:47,371 [Worker-33] INFO  o.e.m.c.i.embedder.EclipseLogger - Using 'UTF-8' encoding to copy filtered resources.
2016-07-07 12:45:47,371 [Worker-33] INFO  o.e.m.c.i.embedder.EclipseLogger - Copying 0 resource
2016-07-07 12:45:47,372 [Worker-33] INFO  o.e.m.c.i.embedder.EclipseLogger - Using 'UTF-8' encoding to copy filtered resources.
2016-07-07 12:45:47,372 [Worker-33] INFO  o.e.m.c.i.embedder.EclipseLogger - skip non existing resourceDirectory /home/karola/EclipseProjects/CSV_MySQL/csv_mySQL/src/test/resources
2016-07-07 13:58:58,117 [Worker-49] INFO  o.e.m.c.i.embedder.EclipseLogger - Using 'UTF-8' encoding to copy filtered resources.
2016-07-07 13:58:58,118 [Worker-49] INFO  o.e.m.c.i.embedder.EclipseLogger - Copying 1 resource
2016-07-07 13:58:58,119 [Worker-49] INFO  o.e.m.c.i.embedder.EclipseLogger - Using 'UTF-8' encoding to copy filtered resources.
2016-07-07 13:58:58,119 [Worker-49] INFO  o.e.m.c.i.embedder.EclipseLogger - skip non existing resourceDirectory /home/karola/EclipseProjects/CSV_MySQL/csv_mySQL/src/test/resources
2016-07-07 14:01:46,675 [Worker-48] INFO  o.e.m.c.i.embedder.EclipseLogger - Using 'UTF-8' encoding to copy filtered resources.
2016-07-07 14:01:46,676 [Worker-48] INFO  o.e.m.c.i.embedder.EclipseLogger - Copying 1 resource
2016-07-07 14:01:46,677 [Worker-48] INFO  o.e.m.c.i.embedder.EclipseLogger - Using 'UTF-8' encoding to copy filtered resources.
2016-07-07 14:01:46,677 [Worker-48] INFO  o.e.m.c.i.embedder.EclipseLogger - skip non existing resourceDirectory /home/karola/EclipseProjects/CSV_MySQL/csv_mySQL/src/test/resources
2016-07-07 14:02:39,855 [Worker-51] INFO  o.e.m.c.i.embedder.EclipseLogger - Using 'UTF-8' encoding to copy filtered resources.
2016-07-07 14:02:39,856 [Worker-51] INFO  o.e.m.c.i.embedder.EclipseLogger - Copying 1 resource
2016-07-07 14:02:39,858 [Worker-51] INFO  o.e.m.c.i.embedder.EclipseLogger - Using 'UTF-8' encoding to copy filtered resources.
2016-07-07 14:02:39,858 [Worker-51] INFO  o.e.m.c.i.embedder.EclipseLogger - skip non existing resourceDirectory /home/karola/EclipseProjects/CSV_MySQL/csv_mySQL/src/test/resources
2016-07-07 14:03:02,754 [Worker-39] INFO  o.e.m.c.i.embedder.EclipseLogger - Using 'UTF-8' encoding to copy filtered resources.
2016-07-07 14:03:02,755 [Worker-39] INFO  o.e.m.c.i.embedder.EclipseLogger - Copying 1 resource
2016-07-07 14:03:02,756 [Worker-39] INFO  o.e.m.c.i.embedder.EclipseLogger - Using 'UTF-8' encoding to copy filtered resources.
2016-07-07 14:03:02,756 [Worker-39] INFO  o.e.m.c.i.embedder.EclipseLogger - skip non existing resourceDirectory /home/karola/EclipseProjects/CSV_MySQL/csv_mySQL/src/test/resources
2016-07-07 14:04:00,243 [Worker-49] INFO  o.e.m.c.i.embedder.EclipseLogger - Using 'UTF-8' encoding to copy filtered resources.
2016-07-07 14:04:00,244 [Worker-49] INFO  o.e.m.c.i.embedder.EclipseLogger - Copying 1 resource
2016-07-07 14:04:00,245 [Worker-49] INFO  o.e.m.c.i.embedder.EclipseLogger - Using 'UTF-8' encoding to copy filtered resources.
2016-07-07 14:04:00,245 [Worker-49] INFO  o.e.m.c.i.embedder.EclipseLogger - skip non existing resourceDirectory /home/karola/EclipseProjects/CSV_MySQL/csv_mySQL/src/test/resources
2016-07-07 14:05:38,223 [Worker-48] INFO  o.e.m.c.i.embedder.EclipseLogger - Using 'UTF-8' encoding to copy filtered resources.
2016-07-07 14:05:38,225 [Worker-48] INFO  o.e.m.c.i.embedder.EclipseLogger - Copying 4 resources
2016-07-07 14:05:38,226 [Worker-48] INFO  o.e.m.c.i.embedder.EclipseLogger - Using 'UTF-8' encoding to copy filtered resources.
2016-07-07 14:05:38,226 [Worker-48] INFO  o.e.m.c.i.embedder.EclipseLogger - skip non existing resourceDirectory /home/karola/EclipseProjects/CSV_MySQL/csv_mySQL/src/test/resources
2016-07-07 14:06:18,021 [Worker-52] INFO  o.e.m.c.i.embedder.EclipseLogger - Using 'UTF-8' encoding to copy filtered resources.
2016-07-07 14:06:18,021 [Worker-52] INFO  o.e.m.c.i.embedder.EclipseLogger - Copying 4 resources
2016-07-07 14:06:18,022 [Worker-52] INFO  o.e.m.c.i.embedder.EclipseLogger - Using 'UTF-8' encoding to copy filtered resources.
2016-07-07 14:06:18,022 [Worker-52] INFO  o.e.m.c.i.embedder.EclipseLogger - skip non existing resourceDirectory /home/karola/EclipseProjects/CSV_MySQL/csv_mySQL/src/test/resources
2016-07-07 14:06:41,160 [Worker-51] INFO  o.e.m.c.i.embedder.EclipseLogger - Using 'UTF-8' encoding to copy filtered resources.
2016-07-07 14:06:41,160 [Worker-51] INFO  o.e.m.c.i.embedder.EclipseLogger - Copying 4 resources
2016-07-07 14:06:41,162 [Worker-51] INFO  o.e.m.c.i.embedder.EclipseLogger - Using 'UTF-8' encoding to copy filtered resources.
2016-07-07 14:06:41,163 [Worker-51] INFO  o.e.m.c.i.embedder.EclipseLogger - skip non existing resourceDirectory /home/karola/EclipseProjects/CSV_MySQL/csv_mySQL/src/test/resources
2016-07-07 14:06:45,862 [Worker-48] INFO  o.e.m.c.i.embedder.EclipseLogger - Using 'UTF-8' encoding to copy filtered resources.
2016-07-07 14:06:45,862 [Worker-48] INFO  o.e.m.c.i.embedder.EclipseLogger - Copying 4 resources
2016-07-07 14:06:45,863 [Worker-48] INFO  o.e.m.c.i.embedder.EclipseLogger - Using 'UTF-8' encoding to copy filtered resources.
2016-07-07 14:06:45,863 [Worker-48] INFO  o.e.m.c.i.embedder.EclipseLogger - skip non existing resourceDirectory /home/karola/EclipseProjects/CSV_MySQL/csv_mySQL/src/test/resources
2016-07-07 14:07:16,648 [Worker-39] INFO  o.e.m.c.i.embedder.EclipseLogger - Using 'UTF-8' encoding to copy filtered resources.
2016-07-07 14:07:16,649 [Worker-39] INFO  o.e.m.c.i.embedder.EclipseLogger - Copying 4 resources
2016-07-07 14:07:16,650 [Worker-39] INFO  o.e.m.c.i.embedder.EclipseLogger - Using 'UTF-8' encoding to copy filtered resources.
2016-07-07 14:07:16,651 [Worker-39] INFO  o.e.m.c.i.embedder.EclipseLogger - skip non existing resourceDirectory /home/karola/EclipseProjects/CSV_MySQL/csv_mySQL/src/test/resources
2016-07-07 14:11:20,635 [Worker-48] INFO  o.e.m.c.i.embedder.EclipseLogger - Using 'UTF-8' encoding to copy filtered resources.
2016-07-07 14:11:20,636 [Worker-48] INFO  o.e.m.c.i.embedder.EclipseLogger - Copying 1 resource
2016-07-07 14:11:20,637 [Worker-48] INFO  o.e.m.c.i.embedder.EclipseLogger - Using 'UTF-8' encoding to copy filtered resources.
2016-07-07 14:11:20,637 [Worker-48] INFO  o.e.m.c.i.embedder.EclipseLogger - skip non existing resourceDirectory /home/karola/EclipseProjects/CSV_MySQL/csv_mySQL/src/test/resources
2016-07-07 14:20:18,851 [Worker-55] INFO  o.e.m.c.i.embedder.EclipseLogger - Using 'UTF-8' encoding to copy filtered resources.
2016-07-07 14:20:18,852 [Worker-55] INFO  o.e.m.c.i.embedder.EclipseLogger - Copying 4 resources
2016-07-07 14:20:18,852 [Worker-55] INFO  o.e.m.c.i.embedder.EclipseLogger - Using 'UTF-8' encoding to copy filtered resources.
2016-07-07 14:20:18,852 [Worker-55] INFO  o.e.m.c.i.embedder.EclipseLogger - skip non existing resourceDirectory /home/karola/EclipseProjects/CSV_MySQL/csv_mySQL/src/test/resources
2016-07-07 14:21:13,839 [Worker-59] INFO  o.e.m.c.i.embedder.EclipseLogger - Using 'UTF-8' encoding to copy filtered resources.
2016-07-07 14:21:13,839 [Worker-59] INFO  o.e.m.c.i.embedder.EclipseLogger - Copying 4 resources
2016-07-07 14:21:13,840 [Worker-59] INFO  o.e.m.c.i.embedder.EclipseLogger - Using 'UTF-8' encoding to copy filtered resources.
2016-07-07 14:21:13,840 [Worker-59] INFO  o.e.m.c.i.embedder.EclipseLogger - skip non existing resourceDirectory /home/karola/EclipseProjects/CSV_MySQL/csv_mySQL/src/test/resources
2016-07-07 14:21:38,062 [Worker-59] INFO  o.e.m.c.i.embedder.EclipseLogger - Using 'UTF-8' encoding to copy filtered resources.
2016-07-07 14:21:38,063 [Worker-59] INFO  o.e.m.c.i.embedder.EclipseLogger - Copying 4 resources
2016-07-07 14:21:38,064 [Worker-59] INFO  o.e.m.c.i.embedder.EclipseLogger - Using 'UTF-8' encoding to copy filtered resources.
2016-07-07 14:21:38,064 [Worker-59] INFO  o.e.m.c.i.embedder.EclipseLogger - skip non existing resourceDirectory /home/karola/EclipseProjects/CSV_MySQL/csv_mySQL/src/test/resources
2016-07-07 14:22:39,427 [Worker-55] INFO  o.e.m.c.i.embedder.EclipseLogger - Using 'UTF-8' encoding to copy filtered resources.
2016-07-07 14:22:39,427 [Worker-55] INFO  o.e.m.c.i.embedder.EclipseLogger - Copying 4 resources
2016-07-07 14:22:39,428 [Worker-55] INFO  o.e.m.c.i.embedder.EclipseLogger - Using 'UTF-8' encoding to copy filtered resources.
2016-07-07 14:22:39,428 [Worker-55] INFO  o.e.m.c.i.embedder.EclipseLogger - skip non existing resourceDirectory /home/karola/EclipseProjects/CSV_MySQL/csv_mySQL/src/test/resources
2016-07-07 14:24:05,254 [Worker-57] INFO  o.e.m.c.i.embedder.EclipseLogger - Using 'UTF-8' encoding to copy filtered resources.
2016-07-07 14:24:05,255 [Worker-57] INFO  o.e.m.c.i.embedder.EclipseLogger - Copying 4 resources
2016-07-07 14:24:05,256 [Worker-57] INFO  o.e.m.c.i.embedder.EclipseLogger - Using 'UTF-8' encoding to copy filtered resources.
2016-07-07 14:24:05,256 [Worker-57] INFO  o.e.m.c.i.embedder.EclipseLogger - skip non existing resourceDirectory /home/karola/EclipseProjects/CSV_MySQL/csv_mySQL/src/test/resources
2016-07-07 14:27:31,459 [Worker-60] INFO  o.e.m.c.i.embedder.EclipseLogger - Using 'UTF-8' encoding to copy filtered resources.
2016-07-07 14:27:31,459 [Worker-60] INFO  o.e.m.c.i.embedder.EclipseLogger - Copying 1 resource
2016-07-07 14:27:31,460 [Worker-60] INFO  o.e.m.c.i.embedder.EclipseLogger - Using 'UTF-8' encoding to copy filtered resources.
2016-07-07 14:27:31,460 [Worker-60] INFO  o.e.m.c.i.embedder.EclipseLogger - skip non existing resourceDirectory /home/karola/EclipseProjects/CSV_MySQL/csv_mySQL/src/test/resources
2016-07-07 14:27:50,349 [Worker-58] INFO  o.e.m.c.i.l.LifecycleMappingFactory - Using org.eclipse.m2e.jdt.JarLifecycleMapping lifecycle mapping for MavenProject: com.karola:csv_mySQL:0.0.1-SNAPSHOT @ /home/karola/EclipseProjects/CSV_MySQL/csv_mySQL/pom.xml.
2016-07-07 14:27:50,785 [Worker-58] INFO  o.e.m.c.i.e.AbstractTransferListenerAdapter - Downloading https://repo.maven.apache.org/maven2/mysql/mysql-connector-java/5.1.39/mysql-connector-java-5.1.39.pom
2016-07-07 14:27:50,843 [Worker-58] INFO  o.e.m.c.i.e.AbstractTransferListenerAdapter - Downloaded https://repo.maven.apache.org/maven2/mysql/mysql-connector-java/5.1.39/mysql-connector-java-5.1.39.pom
2016-07-07 14:27:50,886 [Worker-58] INFO  o.e.m.c.i.e.AbstractTransferListenerAdapter - Downloading https://repo.maven.apache.org/maven2/mysql/mysql-connector-java/5.1.39/mysql-connector-java-5.1.39.jar
2016-07-07 14:27:53,283 [Worker-58] INFO  o.e.m.c.i.e.AbstractTransferListenerAdapter - Downloaded https://repo.maven.apache.org/maven2/mysql/mysql-connector-java/5.1.39/mysql-connector-java-5.1.39.jar
2016-07-07 14:27:53,515 [Worker-58] INFO  o.e.m.c.i.embedder.EclipseLogger - Using 'UTF-8' encoding to copy filtered resources.
2016-07-07 14:27:53,517 [Worker-58] INFO  o.e.m.c.i.embedder.EclipseLogger - Copying 0 resource
2016-07-07 14:27:53,519 [Worker-58] INFO  o.e.m.c.i.embedder.EclipseLogger - Using 'UTF-8' encoding to copy filtered resources.
2016-07-07 14:27:53,519 [Worker-58] INFO  o.e.m.c.i.embedder.EclipseLogger - skip non existing resourceDirectory /home/karola/EclipseProjects/CSV_MySQL/csv_mySQL/src/test/resources
2016-07-07 14:27:54,764 [Worker-62] INFO  o.e.m.c.i.embedder.EclipseLogger - Using 'UTF-8' encoding to copy filtered resources.
2016-07-07 14:27:54,765 [Worker-62] INFO  o.e.m.c.i.embedder.EclipseLogger - Copying 4 resources
2016-07-07 14:27:54,773 [Worker-62] INFO  o.e.m.c.i.embedder.EclipseLogger - Using 'UTF-8' encoding to copy filtered resources.
2016-07-07 14:27:54,773 [Worker-62] INFO  o.e.m.c.i.embedder.EclipseLogger - skip non existing resourceDirectory /home/karola/EclipseProjects/CSV_MySQL/csv_mySQL/src/test/resources
2016-07-07 14:31:53,862 [Worker-59] INFO  o.e.m.c.i.embedder.EclipseLogger - Using 'UTF-8' encoding to copy filtered resources.
2016-07-07 14:31:53,862 [Worker-59] INFO  o.e.m.c.i.embedder.EclipseLogger - Copying 1 resource
2016-07-07 14:31:53,863 [Worker-59] INFO  o.e.m.c.i.embedder.EclipseLogger - Using 'UTF-8' encoding to copy filtered resources.
2016-07-07 14:31:53,863 [Worker-59] INFO  o.e.m.c.i.embedder.EclipseLogger - skip non existing resourceDirectory /home/karola/EclipseProjects/CSV_MySQL/csv_mySQL/src/test/resources
2016-07-07 14:32:44,062 [Worker-64] INFO  o.e.m.c.i.embedder.EclipseLogger - Using 'UTF-8' encoding to copy filtered resources.
2016-07-07 14:32:44,062 [Worker-64] INFO  o.e.m.c.i.embedder.EclipseLogger - Copying 1 resource
2016-07-07 14:32:44,063 [Worker-64] INFO  o.e.m.c.i.embedder.EclipseLogger - Using 'UTF-8' encoding to copy filtered resources.
2016-07-07 14:32:44,063 [Worker-64] INFO  o.e.m.c.i.embedder.EclipseLogger - skip non existing resourceDirectory /home/karola/EclipseProjects/CSV_MySQL/csv_mySQL/src/test/resources
2016-07-07 14:32:47,949 [Worker-59] INFO  o.e.m.c.i.embedder.EclipseLogger - Using 'UTF-8' encoding to copy filtered resources.
2016-07-07 14:32:47,949 [Worker-59] INFO  o.e.m.c.i.embedder.EclipseLogger - Copying 1 resource
2016-07-07 14:32:47,950 [Worker-59] INFO  o.e.m.c.i.embedder.EclipseLogger - Using 'UTF-8' encoding to copy filtered resources.
2016-07-07 14:32:47,950 [Worker-59] INFO  o.e.m.c.i.embedder.EclipseLogger - skip non existing resourceDirectory /home/karola/EclipseProjects/CSV_MySQL/csv_mySQL/src/test/resources
2016-07-07 14:39:02,623 [Worker-66] INFO  o.e.m.c.i.embedder.EclipseLogger - Using 'UTF-8' encoding to copy filtered resources.
2016-07-07 14:39:02,623 [Worker-66] INFO  o.e.m.c.i.embedder.EclipseLogger - Copying 1 resource
2016-07-07 14:39:02,624 [Worker-66] INFO  o.e.m.c.i.embedder.EclipseLogger - Using 'UTF-8' encoding to copy filtered resources.
2016-07-07 14:39:02,624 [Worker-66] INFO  o.e.m.c.i.embedder.EclipseLogger - skip non existing resourceDirectory /home/karola/EclipseProjects/CSV_MySQL/csv_mySQL/src/test/resources
2016-07-07 14:56:37,899 [Worker-78] INFO  o.e.m.c.i.embedder.EclipseLogger - Using 'UTF-8' encoding to copy filtered resources.
2016-07-07 14:56:37,900 [Worker-78] INFO  o.e.m.c.i.embedder.EclipseLogger - Copying 5 resources
2016-07-07 14:56:37,901 [Worker-78] INFO  o.e.m.c.i.embedder.EclipseLogger - Using 'UTF-8' encoding to copy filtered resources.
2016-07-07 14:56:37,901 [Worker-78] INFO  o.e.m.c.i.embedder.EclipseLogger - skip non existing resourceDirectory /home/karola/EclipseProjects/CSV_MySQL/csv_mySQL/src/test/resources
2016-07-07 14:58:27,507 [Worker-80] INFO  o.e.m.c.i.embedder.EclipseLogger - Using 'UTF-8' encoding to copy filtered resources.
2016-07-07 14:58:27,508 [Worker-80] INFO  o.e.m.c.i.embedder.EclipseLogger - Copying 5 resources
2016-07-07 14:58:27,508 [Worker-80] INFO  o.e.m.c.i.embedder.EclipseLogger - Using 'UTF-8' encoding to copy filtered resources.
2016-07-07 14:58:27,509 [Worker-80] INFO  o.e.m.c.i.embedder.EclipseLogger - skip non existing resourceDirectory /home/karola/EclipseProjects/CSV_MySQL/csv_mySQL/src/test/resources
2016-07-07 15:00:19,982 [Worker-82] INFO  o.e.m.c.i.embedder.EclipseLogger - Using 'UTF-8' encoding to copy filtered resources.
2016-07-07 15:00:19,982 [Worker-82] INFO  o.e.m.c.i.embedder.EclipseLogger - Copying 5 resources
2016-07-07 15:00:19,983 [Worker-82] INFO  o.e.m.c.i.embedder.EclipseLogger - Using 'UTF-8' encoding to copy filtered resources.
2016-07-07 15:00:19,983 [Worker-82] INFO  o.e.m.c.i.embedder.EclipseLogger - skip non existing resourceDirectory /home/karola/EclipseProjects/CSV_MySQL/csv_mySQL/src/test/resources
2016-07-07 15:03:56,697 [Worker-83] INFO  o.e.m.c.i.embedder.EclipseLogger - Using 'UTF-8' encoding to copy filtered resources.
2016-07-07 15:03:56,698 [Worker-83] INFO  o.e.m.c.i.embedder.EclipseLogger - Copying 1 resource
2016-07-07 15:03:56,711 [Worker-83] INFO  o.e.m.c.i.embedder.EclipseLogger - Using 'UTF-8' encoding to copy filtered resources.
2016-07-07 15:03:56,711 [Worker-83] INFO  o.e.m.c.i.embedder.EclipseLogger - skip non existing resourceDirectory /home/karola/EclipseProjects/CSV_MySQL/csv_mySQL/src/test/resources
2016-07-07 15:04:02,226 [Worker-79] INFO  o.e.m.c.i.embedder.EclipseLogger - Using 'UTF-8' encoding to copy filtered resources.
2016-07-07 15:04:02,226 [Worker-79] INFO  o.e.m.c.i.embedder.EclipseLogger - Copying 1 resource
2016-07-07 15:04:02,227 [Worker-79] INFO  o.e.m.c.i.embedder.EclipseLogger - Using 'UTF-8' encoding to copy filtered resources.
2016-07-07 15:04:02,227 [Worker-79] INFO  o.e.m.c.i.embedder.EclipseLogger - skip non existing resourceDirectory /home/karola/EclipseProjects/CSV_MySQL/csv_mySQL/src/test/resources
2016-07-07 15:04:08,926 [Worker-85] INFO  o.e.m.c.i.embedder.EclipseLogger - Using 'UTF-8' encoding to copy filtered resources.
2016-07-07 15:04:08,926 [Worker-85] INFO  o.e.m.c.i.embedder.EclipseLogger - Copying 1 resource
2016-07-07 15:04:08,927 [Worker-85] INFO  o.e.m.c.i.embedder.EclipseLogger - Using 'UTF-8' encoding to copy filtered resources.
2016-07-07 15:04:08,927 [Worker-85] INFO  o.e.m.c.i.embedder.EclipseLogger - skip non existing resourceDirectory /home/karola/EclipseProjects/CSV_MySQL/csv_mySQL/src/test/resources
2016-07-07 15:07:56,667 [Worker-83] INFO  o.e.m.c.i.embedder.EclipseLogger - Using 'UTF-8' encoding to copy filtered resources.
2016-07-07 15:07:56,667 [Worker-83] INFO  o.e.m.c.i.embedder.EclipseLogger - Copying 1 resource
2016-07-07 15:07:56,668 [Worker-83] INFO  o.e.m.c.i.embedder.EclipseLogger - Using 'UTF-8' encoding to copy filtered resources.
2016-07-07 15:07:56,668 [Worker-83] INFO  o.e.m.c.i.embedder.EclipseLogger - skip non existing resourceDirectory /home/karola/EclipseProjects/CSV_MySQL/csv_mySQL/src/test/resources
2016-07-10 17:49:36,228 [Worker-16] INFO  o.e.m.c.i.embedder.EclipseLogger - Using 'UTF-8' encoding to copy filtered resources.
2016-07-10 17:49:36,262 [Worker-16] INFO  o.e.m.c.i.embedder.EclipseLogger - Copying 5 resources
2016-07-10 17:49:36,293 [Worker-16] INFO  o.e.m.c.i.embedder.EclipseLogger - Using 'UTF-8' encoding to copy filtered resources.
2016-07-10 17:49:36,293 [Worker-16] INFO  o.e.m.c.i.embedder.EclipseLogger - skip non existing resourceDirectory /home/karola/EclipseProjects/CSV_MySQL/csv_mySQL/src/test/resources
2016-07-10 17:49:45,086 [Worker-22] INFO  o.e.m.c.i.embedder.EclipseLogger - Using 'UTF-8' encoding to copy filtered resources.
2016-07-10 17:49:45,097 [Worker-22] INFO  o.e.m.c.i.embedder.EclipseLogger - Copying 5 resources
2016-07-10 17:49:45,124 [Worker-22] INFO  o.e.m.c.i.embedder.EclipseLogger - Using 'UTF-8' encoding to copy filtered resources.
2016-07-10 17:49:45,124 [Worker-22] INFO  o.e.m.c.i.embedder.EclipseLogger - skip non existing resourceDirectory /home/karola/EclipseProjects/CSV_MySQL/csv_mySQL/src/test/resources
2016-07-10 17:50:14,532 [Worker-16] INFO  o.e.m.c.i.embedder.EclipseLogger - Using 'UTF-8' encoding to copy filtered resources.
2016-07-10 17:50:14,534 [Worker-16] INFO  o.e.m.c.i.embedder.EclipseLogger - Copying 5 resources
2016-07-10 17:50:14,539 [Worker-16] INFO  o.e.m.c.i.embedder.EclipseLogger - Using 'UTF-8' encoding to copy filtered resources.
2016-07-10 17:50:14,539 [Worker-16] INFO  o.e.m.c.i.embedder.EclipseLogger - skip non existing resourceDirectory /home/karola/EclipseProjects/CSV_MySQL/csv_mySQL/src/test/resources
2016-07-10 17:50:42,823 [Worker-23] INFO  o.e.m.c.i.embedder.EclipseLogger - Using 'UTF-8' encoding to copy filtered resources.
2016-07-10 17:50:42,823 [Worker-23] INFO  o.e.m.c.i.embedder.EclipseLogger - Copying 5 resources
2016-07-10 17:50:42,824 [Worker-23] INFO  o.e.m.c.i.embedder.EclipseLogger - Using 'UTF-8' encoding to copy filtered resources.
2016-07-10 17:50:42,824 [Worker-23] INFO  o.e.m.c.i.embedder.EclipseLogger - skip non existing resourceDirectory /home/karola/EclipseProjects/CSV_MySQL/csv_mySQL/src/test/resources
2016-07-10 17:51:26,244 [Worker-23] INFO  o.e.m.c.i.embedder.EclipseLogger - Using 'UTF-8' encoding to copy filtered resources.
2016-07-10 17:51:26,244 [Worker-23] INFO  o.e.m.c.i.embedder.EclipseLogger - Copying 5 resources
2016-07-10 17:51:26,245 [Worker-23] INFO  o.e.m.c.i.embedder.EclipseLogger - Using 'UTF-8' encoding to copy filtered resources.
2016-07-10 17:51:26,245 [Worker-23] INFO  o.e.m.c.i.embedder.EclipseLogger - skip non existing resourceDirectory /home/karola/EclipseProjects/CSV_MySQL/csv_mySQL/src/test/resources
2016-07-10 17:54:39,535 [Worker-23] INFO  o.e.m.c.i.embedder.EclipseLogger - Using 'UTF-8' encoding to copy filtered resources.
2016-07-10 17:54:39,535 [Worker-23] INFO  o.e.m.c.i.embedder.EclipseLogger - Copying 5 resources
2016-07-10 17:54:39,536 [Worker-23] INFO  o.e.m.c.i.embedder.EclipseLogger - Using 'UTF-8' encoding to copy filtered resources.
2016-07-10 17:54:39,536 [Worker-23] INFO  o.e.m.c.i.embedder.EclipseLogger - skip non existing resourceDirectory /home/karola/EclipseProjects/CSV_MySQL/csv_mySQL/src/test/resources
2016-07-10 17:58:02,053 [Worker-16] INFO  o.e.m.c.i.embedder.EclipseLogger - Using 'UTF-8' encoding to copy filtered resources.
2016-07-10 17:58:02,054 [Worker-16] INFO  o.e.m.c.i.embedder.EclipseLogger - Copying 1 resource
2016-07-10 17:58:02,056 [Worker-16] INFO  o.e.m.c.i.embedder.EclipseLogger - Using 'UTF-8' encoding to copy filtered resources.
2016-07-10 17:58:02,056 [Worker-16] INFO  o.e.m.c.i.embedder.EclipseLogger - skip non existing resourceDirectory /home/karola/EclipseProjects/CSV_MySQL/csv_mySQL/src/test/resources
2016-07-10 17:59:41,394 [Worker-24] INFO  o.e.m.c.i.embedder.EclipseLogger - Using 'UTF-8' encoding to copy filtered resources.
2016-07-10 17:59:41,394 [Worker-24] INFO  o.e.m.c.i.embedder.EclipseLogger - Copying 1 resource
2016-07-10 17:59:41,397 [Worker-24] INFO  o.e.m.c.i.embedder.EclipseLogger - Using 'UTF-8' encoding to copy filtered resources.
2016-07-10 17:59:41,397 [Worker-24] INFO  o.e.m.c.i.embedder.EclipseLogger - skip non existing resourceDirectory /home/karola/EclipseProjects/CSV_MySQL/csv_mySQL/src/test/resources
2016-07-10 18:01:35,481 [Worker-24] INFO  o.e.m.c.i.embedder.EclipseLogger - Using 'UTF-8' encoding to copy filtered resources.
2016-07-10 18:01:35,481 [Worker-24] INFO  o.e.m.c.i.embedder.EclipseLogger - Copying 1 resource
2016-07-10 18:01:35,483 [Worker-24] INFO  o.e.m.c.i.embedder.EclipseLogger - Using 'UTF-8' encoding to copy filtered resources.
2016-07-10 18:01:35,483 [Worker-24] INFO  o.e.m.c.i.embedder.EclipseLogger - skip non existing resourceDirectory /home/karola/EclipseProjects/CSV_MySQL/csv_mySQL/src/test/resources
2016-07-10 18:02:10,818 [Worker-24] INFO  o.e.m.c.i.embedder.EclipseLogger - Using 'UTF-8' encoding to copy filtered resources.
2016-07-10 18:02:10,819 [Worker-24] INFO  o.e.m.c.i.embedder.EclipseLogger - Copying 5 resources
2016-07-10 18:02:10,820 [Worker-24] INFO  o.e.m.c.i.embedder.EclipseLogger - Using 'UTF-8' encoding to copy filtered resources.
2016-07-10 18:02:10,820 [Worker-24] INFO  o.e.m.c.i.embedder.EclipseLogger - skip non existing resourceDirectory /home/karola/EclipseProjects/CSV_MySQL/csv_mySQL/src/test/resources
2016-07-10 18:03:11,187 [Worker-24] INFO  o.e.m.c.i.embedder.EclipseLogger - Using 'UTF-8' encoding to copy filtered resources.
2016-07-10 18:03:11,187 [Worker-24] INFO  o.e.m.c.i.embedder.EclipseLogger - Copying 1 resource
2016-07-10 18:03:11,188 [Worker-24] INFO  o.e.m.c.i.embedder.EclipseLogger - Using 'UTF-8' encoding to copy filtered resources.
2016-07-10 18:03:11,188 [Worker-24] INFO  o.e.m.c.i.embedder.EclipseLogger - skip non existing resourceDirectory /home/karola/EclipseProjects/CSV_MySQL/csv_mySQL/src/test/resources
2016-07-10 18:03:26,304 [Worker-22] INFO  o.e.m.c.i.embedder.EclipseLogger - Using 'UTF-8' encoding to copy filtered resources.
2016-07-10 18:03:26,305 [Worker-22] INFO  o.e.m.c.i.embedder.EclipseLogger - Copying 1 resource
2016-07-10 18:03:26,306 [Worker-22] INFO  o.e.m.c.i.embedder.EclipseLogger - Using 'UTF-8' encoding to copy filtered resources.
2016-07-10 18:03:26,306 [Worker-22] INFO  o.e.m.c.i.embedder.EclipseLogger - skip non existing resourceDirectory /home/karola/EclipseProjects/CSV_MySQL/csv_mySQL/src/test/resources
2016-07-10 18:06:17,165 [Worker-12] INFO  o.e.m.c.i.embedder.EclipseLogger - Using 'UTF-8' encoding to copy filtered resources.
2016-07-10 18:06:17,165 [Worker-12] INFO  o.e.m.c.i.embedder.EclipseLogger - Copying 1 resource
2016-07-10 18:06:17,166 [Worker-12] INFO  o.e.m.c.i.embedder.EclipseLogger - Using 'UTF-8' encoding to copy filtered resources.
2016-07-10 18:06:17,167 [Worker-12] INFO  o.e.m.c.i.embedder.EclipseLogger - skip non existing resourceDirectory /home/karola/EclipseProjects/CSV_MySQL/csv_mySQL/src/test/resources
2016-07-10 18:06:21,561 [Worker-16] INFO  o.e.m.c.i.embedder.EclipseLogger - Using 'UTF-8' encoding to copy filtered resources.
2016-07-10 18:06:21,561 [Worker-16] INFO  o.e.m.c.i.embedder.EclipseLogger - Copying 1 resource
2016-07-10 18:06:21,563 [Worker-16] INFO  o.e.m.c.i.embedder.EclipseLogger - Using 'UTF-8' encoding to copy filtered resources.
2016-07-10 18:06:21,563 [Worker-16] INFO  o.e.m.c.i.embedder.EclipseLogger - skip non existing resourceDirectory /home/karola/EclipseProjects/CSV_MySQL/csv_mySQL/src/test/resources
2016-07-10 18:07:41,280 [Worker-26] INFO  o.e.m.c.i.embedder.EclipseLogger - Using 'UTF-8' encoding to copy filtered resources.
2016-07-10 18:07:41,280 [Worker-26] INFO  o.e.m.c.i.embedder.EclipseLogger - Copying 1 resource
2016-07-10 18:07:41,281 [Worker-26] INFO  o.e.m.c.i.embedder.EclipseLogger - Using 'UTF-8' encoding to copy filtered resources.
2016-07-10 18:07:41,281 [Worker-26] INFO  o.e.m.c.i.embedder.EclipseLogger - skip non existing resourceDirectory /home/karola/EclipseProjects/CSV_MySQL/csv_mySQL/src/test/resources
2016-07-10 18:25:41,254 [Worker-24] INFO  o.e.m.c.i.embedder.EclipseLogger - Using 'UTF-8' encoding to copy filtered resources.
2016-07-10 18:25:41,255 [Worker-24] INFO  o.e.m.c.i.embedder.EclipseLogger - Copying 1 resource
2016-07-10 18:25:41,259 [Worker-24] INFO  o.e.m.c.i.embedder.EclipseLogger - Using 'UTF-8' encoding to copy filtered resources.
2016-07-10 18:25:41,259 [Worker-24] INFO  o.e.m.c.i.embedder.EclipseLogger - skip non existing resourceDirectory /home/karola/EclipseProjects/CSV_MySQL/csv_mySQL/src/test/resources
2016-07-10 18:25:54,090 [Worker-24] INFO  o.e.m.c.i.embedder.EclipseLogger - Using 'UTF-8' encoding to copy filtered resources.
2016-07-10 18:25:54,090 [Worker-24] INFO  o.e.m.c.i.embedder.EclipseLogger - Copying 1 resource
2016-07-10 18:25:54,091 [Worker-24] INFO  o.e.m.c.i.embedder.EclipseLogger - Using 'UTF-8' encoding to copy filtered resources.
2016-07-10 18:25:54,091 [Worker-24] INFO  o.e.m.c.i.embedder.EclipseLogger - skip non existing resourceDirectory /home/karola/EclipseProjects/CSV_MySQL/csv_mySQL/src/test/resources
2016-07-10 18:25:58,569 [Worker-28] INFO  o.e.m.c.i.embedder.EclipseLogger - Using 'UTF-8' encoding to copy filtered resources.
2016-07-10 18:25:58,569 [Worker-28] INFO  o.e.m.c.i.embedder.EclipseLogger - Copying 6 resources
2016-07-10 18:25:58,571 [Worker-28] INFO  o.e.m.c.i.embedder.EclipseLogger - Using 'UTF-8' encoding to copy filtered resources.
2016-07-10 18:25:58,571 [Worker-28] INFO  o.e.m.c.i.embedder.EclipseLogger - skip non existing resourceDirectory /home/karola/EclipseProjects/CSV_MySQL/csv_mySQL/src/test/resources
2016-07-10 18:27:24,390 [Worker-24] INFO  o.e.m.c.i.embedder.EclipseLogger - Using 'UTF-8' encoding to copy filtered resources.
2016-07-10 18:27:24,391 [Worker-24] INFO  o.e.m.c.i.embedder.EclipseLogger - Copying 1 resource
2016-07-10 18:27:24,393 [Worker-24] INFO  o.e.m.c.i.embedder.EclipseLogger - Using 'UTF-8' encoding to copy filtered resources.
2016-07-10 18:27:24,393 [Worker-24] INFO  o.e.m.c.i.embedder.EclipseLogger - skip non existing resourceDirectory /home/karola/EclipseProjects/CSV_MySQL/csv_mySQL/src/test/resources
2016-07-10 18:29:41,893 [Worker-26] INFO  o.e.m.c.i.embedder.EclipseLogger - Using 'UTF-8' encoding to copy filtered resources.
2016-07-10 18:29:41,893 [Worker-26] INFO  o.e.m.c.i.embedder.EclipseLogger - Copying 0 resource
2016-07-10 18:29:41,894 [Worker-26] INFO  o.e.m.c.i.embedder.EclipseLogger - Using 'UTF-8' encoding to copy filtered resources.
2016-07-10 18:29:41,894 [Worker-26] INFO  o.e.m.c.i.embedder.EclipseLogger - skip non existing resourceDirectory /home/karola/EclipseProjects/CSV_MySQL/csv_mySQL/src/test/resources
2016-07-10 18:30:11,829 [Worker-29] INFO  o.e.m.c.i.embedder.EclipseLogger - Using 'UTF-8' encoding to copy filtered resources.
2016-07-10 18:30:11,829 [Worker-29] INFO  o.e.m.c.i.embedder.EclipseLogger - Copying 6 resources
2016-07-10 18:30:11,830 [Worker-29] INFO  o.e.m.c.i.embedder.EclipseLogger - Using 'UTF-8' encoding to copy filtered resources.
2016-07-10 18:30:11,830 [Worker-29] INFO  o.e.m.c.i.embedder.EclipseLogger - skip non existing resourceDirectory /home/karola/EclipseProjects/CSV_MySQL/csv_mySQL/src/test/resources
2016-07-11 12:22:45,261 [Worker-8] INFO  o.e.m.c.i.embedder.EclipseLogger - Using 'UTF-8' encoding to copy filtered resources.
2016-07-11 12:22:45,285 [Worker-8] INFO  o.e.m.c.i.embedder.EclipseLogger - Copying 6 resources
2016-07-11 12:22:45,292 [Worker-8] INFO  o.e.m.c.i.embedder.EclipseLogger - Using 'UTF-8' encoding to copy filtered resources.
2016-07-11 12:22:45,292 [Worker-8] INFO  o.e.m.c.i.embedder.EclipseLogger - skip non existing resourceDirectory /home/karola/EclipseProjects/CSV_MySQL/csv_mySQL/src/test/resources
2016-07-11 12:23:16,368 [Worker-8] INFO  o.e.m.c.i.embedder.EclipseLogger - Using 'UTF-8' encoding to copy filtered resources.
2016-07-11 12:23:16,377 [Worker-8] INFO  o.e.m.c.i.embedder.EclipseLogger - Copying 1 resource
2016-07-11 12:23:16,379 [Worker-8] INFO  o.e.m.c.i.embedder.EclipseLogger - Using 'UTF-8' encoding to copy filtered resources.
2016-07-11 12:23:16,380 [Worker-8] INFO  o.e.m.c.i.embedder.EclipseLogger - skip non existing resourceDirectory /home/karola/EclipseProjects/CSV_MySQL/csv_mySQL/src/test/resources
2016-07-11 12:28:00,883 [Worker-19] INFO  o.e.m.c.i.embedder.EclipseLogger - Using 'UTF-8' encoding to copy filtered resources.
2016-07-11 12:28:00,885 [Worker-19] INFO  o.e.m.c.i.embedder.EclipseLogger - Copying 6 resources
2016-07-11 12:28:00,886 [Worker-19] INFO  o.e.m.c.i.embedder.EclipseLogger - Using 'UTF-8' encoding to copy filtered resources.
2016-07-11 12:28:00,886 [Worker-19] INFO  o.e.m.c.i.embedder.EclipseLogger - skip non existing resourceDirectory /home/karola/EclipseProjects/CSV_MySQL/csv_mySQL/src/test/resources
2016-07-11 12:31:25,291 [Worker-1] INFO  o.e.m.c.i.embedder.EclipseLogger - Using 'UTF-8' encoding to copy filtered resources.
2016-07-11 12:31:25,291 [Worker-1] INFO  o.e.m.c.i.embedder.EclipseLogger - Copying 6 resources
2016-07-11 12:31:25,292 [Worker-1] INFO  o.e.m.c.i.embedder.EclipseLogger - Using 'UTF-8' encoding to copy filtered resources.
2016-07-11 12:31:25,292 [Worker-1] INFO  o.e.m.c.i.embedder.EclipseLogger - skip non existing resourceDirectory /home/karola/EclipseProjects/CSV_MySQL/csv_mySQL/src/test/resources
2016-07-11 12:32:49,078 [Worker-21] INFO  o.e.m.c.i.embedder.EclipseLogger - Using 'UTF-8' encoding to copy filtered resources.
2016-07-11 12:32:49,079 [Worker-21] INFO  o.e.m.c.i.embedder.EclipseLogger - Copying 6 resources
2016-07-11 12:32:49,080 [Worker-21] INFO  o.e.m.c.i.embedder.EclipseLogger - Using 'UTF-8' encoding to copy filtered resources.
2016-07-11 12:32:49,080 [Worker-21] INFO  o.e.m.c.i.embedder.EclipseLogger - skip non existing resourceDirectory /home/karola/EclipseProjects/CSV_MySQL/csv_mySQL/src/test/resources
2016-07-11 12:36:48,867 [Worker-23] INFO  o.e.m.c.i.embedder.EclipseLogger - Using 'UTF-8' encoding to copy filtered resources.
2016-07-11 12:36:48,867 [Worker-23] INFO  o.e.m.c.i.embedder.EclipseLogger - Copying 1 resource
2016-07-11 12:36:48,868 [Worker-23] INFO  o.e.m.c.i.embedder.EclipseLogger - Using 'UTF-8' encoding to copy filtered resources.
2016-07-11 12:36:48,868 [Worker-23] INFO  o.e.m.c.i.embedder.EclipseLogger - skip non existing resourceDirectory /home/karola/EclipseProjects/CSV_MySQL/csv_mySQL/src/test/resources
2016-07-11 12:43:56,644 [Worker-25] INFO  o.e.m.c.i.embedder.EclipseLogger - Using 'UTF-8' encoding to copy filtered resources.
2016-07-11 12:43:56,645 [Worker-25] INFO  o.e.m.c.i.embedder.EclipseLogger - Copying 6 resources
2016-07-11 12:43:56,646 [Worker-25] INFO  o.e.m.c.i.embedder.EclipseLogger - Using 'UTF-8' encoding to copy filtered resources.
2016-07-11 12:43:56,646 [Worker-25] INFO  o.e.m.c.i.embedder.EclipseLogger - skip non existing resourceDirectory /home/karola/EclipseProjects/CSV_MySQL/csv_mySQL/src/test/resources
2016-07-11 12:45:14,504 [Worker-26] INFO  o.e.m.c.i.embedder.EclipseLogger - Using 'UTF-8' encoding to copy filtered resources.
2016-07-11 12:45:14,504 [Worker-26] INFO  o.e.m.c.i.embedder.EclipseLogger - Copying 1 resource
2016-07-11 12:45:14,507 [Worker-26] INFO  o.e.m.c.i.embedder.EclipseLogger - Using 'UTF-8' encoding to copy filtered resources.
2016-07-11 12:45:14,507 [Worker-26] INFO  o.e.m.c.i.embedder.EclipseLogger - skip non existing resourceDirectory /home/karola/EclipseProjects/CSV_MySQL/csv_mySQL/src/test/resources
2016-07-11 12:54:08,087 [Worker-32] INFO  o.e.m.c.i.embedder.EclipseLogger - Using 'UTF-8' encoding to copy filtered resources.
2016-07-11 12:54:08,087 [Worker-32] INFO  o.e.m.c.i.embedder.EclipseLogger - Copying 6 resources
2016-07-11 12:54:08,089 [Worker-32] INFO  o.e.m.c.i.embedder.EclipseLogger - Using 'UTF-8' encoding to copy filtered resources.
2016-07-11 12:54:08,089 [Worker-32] INFO  o.e.m.c.i.embedder.EclipseLogger - skip non existing resourceDirectory /home/karola/EclipseProjects/CSV_MySQL/csv_mySQL/src/test/resources
2016-07-11 12:55:27,514 [Worker-32] INFO  o.e.m.c.i.embedder.EclipseLogger - Using 'UTF-8' encoding to copy filtered resources.
2016-07-11 12:55:27,515 [Worker-32] INFO  o.e.m.c.i.embedder.EclipseLogger - Copying 6 resources
2016-07-11 12:55:27,516 [Worker-32] INFO  o.e.m.c.i.embedder.EclipseLogger - Using 'UTF-8' encoding to copy filtered resources.
2016-07-11 12:55:27,516 [Worker-32] INFO  o.e.m.c.i.embedder.EclipseLogger - skip non existing resourceDirectory /home/karola/EclipseProjects/CSV_MySQL/csv_mySQL/src/test/resources
2016-07-11 12:57:55,211 [Worker-34] INFO  o.e.m.c.i.embedder.EclipseLogger - Using 'UTF-8' encoding to copy filtered resources.
2016-07-11 12:57:55,212 [Worker-34] INFO  o.e.m.c.i.embedder.EclipseLogger - Copying 6 resources
2016-07-11 12:57:55,213 [Worker-34] INFO  o.e.m.c.i.embedder.EclipseLogger - Using 'UTF-8' encoding to copy filtered resources.
2016-07-11 12:57:55,213 [Worker-34] INFO  o.e.m.c.i.embedder.EclipseLogger - skip non existing resourceDirectory /home/karola/EclipseProjects/CSV_MySQL/csv_mySQL/src/test/resources
2016-07-11 13:01:37,894 [Worker-36] INFO  o.e.m.c.i.embedder.EclipseLogger - Using 'UTF-8' encoding to copy filtered resources.
2016-07-11 13:01:37,895 [Worker-36] INFO  o.e.m.c.i.embedder.EclipseLogger - Copying 6 resources
2016-07-11 13:01:37,896 [Worker-36] INFO  o.e.m.c.i.embedder.EclipseLogger - Using 'UTF-8' encoding to copy filtered resources.
2016-07-11 13:01:37,896 [Worker-36] INFO  o.e.m.c.i.embedder.EclipseLogger - skip non existing resourceDirectory /home/karola/EclipseProjects/CSV_MySQL/csv_mySQL/src/test/resources
2016-07-11 13:01:42,228 [Worker-36] INFO  o.e.m.c.i.embedder.EclipseLogger - Using 'UTF-8' encoding to copy filtered resources.
2016-07-11 13:01:42,229 [Worker-36] INFO  o.e.m.c.i.embedder.EclipseLogger - Copying 6 resources
2016-07-11 13:01:42,230 [Worker-36] INFO  o.e.m.c.i.embedder.EclipseLogger - Using 'UTF-8' encoding to copy filtered resources.
2016-07-11 13:01:42,230 [Worker-36] INFO  o.e.m.c.i.embedder.EclipseLogger - skip non existing resourceDirectory /home/karola/EclipseProjects/CSV_MySQL/csv_mySQL/src/test/resources
2016-07-11 13:01:45,022 [Worker-35] INFO  o.e.m.c.i.embedder.EclipseLogger - Using 'UTF-8' encoding to copy filtered resources.
2016-07-11 13:01:45,023 [Worker-35] INFO  o.e.m.c.i.embedder.EclipseLogger - Copying 1 resource
2016-07-11 13:01:45,024 [Worker-35] INFO  o.e.m.c.i.embedder.EclipseLogger - Using 'UTF-8' encoding to copy filtered resources.
2016-07-11 13:01:45,024 [Worker-35] INFO  o.e.m.c.i.embedder.EclipseLogger - skip non existing resourceDirectory /home/karola/EclipseProjects/CSV_MySQL/csv_mySQL/src/test/resources
2016-07-11 13:02:19,228 [Worker-34] INFO  o.e.m.c.i.embedder.EclipseLogger - Using 'UTF-8' encoding to copy filtered resources.
2016-07-11 13:02:19,228 [Worker-34] INFO  o.e.m.c.i.embedder.EclipseLogger - Copying 1 resource
2016-07-11 13:02:19,229 [Worker-34] INFO  o.e.m.c.i.embedder.EclipseLogger - Using 'UTF-8' encoding to copy filtered resources.
2016-07-11 13:02:19,229 [Worker-34] INFO  o.e.m.c.i.embedder.EclipseLogger - skip non existing resourceDirectory /home/karola/EclipseProjects/CSV_MySQL/csv_mySQL/src/test/resources
2016-07-11 13:03:42,110 [Worker-36] INFO  o.e.m.c.i.embedder.EclipseLogger - Using 'UTF-8' encoding to copy filtered resources.
2016-07-11 13:03:42,110 [Worker-36] INFO  o.e.m.c.i.embedder.EclipseLogger - Copying 1 resource
2016-07-11 13:03:42,112 [Worker-36] INFO  o.e.m.c.i.embedder.EclipseLogger - Using 'UTF-8' encoding to copy filtered resources.
2016-07-11 13:03:42,113 [Worker-36] INFO  o.e.m.c.i.embedder.EclipseLogger - skip non existing resourceDirectory /home/karola/EclipseProjects/CSV_MySQL/csv_mySQL/src/test/resources
2016-07-11 13:06:44,275 [Worker-35] INFO  o.e.m.c.i.embedder.EclipseLogger - Using 'UTF-8' encoding to copy filtered resources.
2016-07-11 13:06:44,276 [Worker-35] INFO  o.e.m.c.i.embedder.EclipseLogger - Copying 6 resources
2016-07-11 13:06:44,277 [Worker-35] INFO  o.e.m.c.i.embedder.EclipseLogger - Using 'UTF-8' encoding to copy filtered resources.
2016-07-11 13:06:44,277 [Worker-35] INFO  o.e.m.c.i.embedder.EclipseLogger - skip non existing resourceDirectory /home/karola/EclipseProjects/CSV_MySQL/csv_mySQL/src/test/resources
2016-07-11 13:07:57,972 [Worker-39] INFO  o.e.m.c.i.embedder.EclipseLogger - Using 'UTF-8' encoding to copy filtered resources.
2016-07-11 13:07:57,972 [Worker-39] INFO  o.e.m.c.i.embedder.EclipseLogger - Copying 1 resource
2016-07-11 13:07:57,973 [Worker-39] INFO  o.e.m.c.i.embedder.EclipseLogger - Using 'UTF-8' encoding to copy filtered resources.
2016-07-11 13:07:57,973 [Worker-39] INFO  o.e.m.c.i.embedder.EclipseLogger - skip non existing resourceDirectory /home/karola/EclipseProjects/CSV_MySQL/csv_mySQL/src/test/resources
2016-07-11 13:08:28,704 [Worker-34] INFO  o.e.m.c.i.embedder.EclipseLogger - Using 'UTF-8' encoding to copy filtered resources.
2016-07-11 13:08:28,704 [Worker-34] INFO  o.e.m.c.i.embedder.EclipseLogger - Copying 1 resource
2016-07-11 13:08:28,705 [Worker-34] INFO  o.e.m.c.i.embedder.EclipseLogger - Using 'UTF-8' encoding to copy filtered resources.
2016-07-11 13:08:28,705 [Worker-34] INFO  o.e.m.c.i.embedder.EclipseLogger - skip non existing resourceDirectory /home/karola/EclipseProjects/CSV_MySQL/csv_mySQL/src/test/resources
2016-07-11 13:09:05,856 [Worker-36] INFO  o.e.m.c.i.embedder.EclipseLogger - Using 'UTF-8' encoding to copy filtered resources.
2016-07-11 13:09:05,856 [Worker-36] INFO  o.e.m.c.i.embedder.EclipseLogger - Copying 6 resources
2016-07-11 13:09:05,857 [Worker-36] INFO  o.e.m.c.i.embedder.EclipseLogger - Using 'UTF-8' encoding to copy filtered resources.
2016-07-11 13:09:05,857 [Worker-36] INFO  o.e.m.c.i.embedder.EclipseLogger - skip non existing resourceDirectory /home/karola/EclipseProjects/CSV_MySQL/csv_mySQL/src/test/resources
2016-07-11 13:09:07,015 [Worker-40] INFO  o.e.m.c.i.embedder.EclipseLogger - Using 'UTF-8' encoding to copy filtered resources.
2016-07-11 13:09:07,015 [Worker-40] INFO  o.e.m.c.i.embedder.EclipseLogger - Copying 1 resource
2016-07-11 13:09:07,016 [Worker-40] INFO  o.e.m.c.i.embedder.EclipseLogger - Using 'UTF-8' encoding to copy filtered resources.
2016-07-11 13:09:07,016 [Worker-40] INFO  o.e.m.c.i.embedder.EclipseLogger - skip non existing resourceDirectory /home/karola/EclipseProjects/CSV_MySQL/csv_mySQL/src/test/resources
2016-07-11 13:09:16,605 [Worker-40] INFO  o.e.m.c.i.embedder.EclipseLogger - Using 'UTF-8' encoding to copy filtered resources.
2016-07-11 13:09:16,606 [Worker-40] INFO  o.e.m.c.i.embedder.EclipseLogger - Copying 6 resources
2016-07-11 13:09:16,607 [Worker-40] INFO  o.e.m.c.i.embedder.EclipseLogger - Using 'UTF-8' encoding to copy filtered resources.
2016-07-11 13:09:16,607 [Worker-40] INFO  o.e.m.c.i.embedder.EclipseLogger - skip non existing resourceDirectory /home/karola/EclipseProjects/CSV_MySQL/csv_mySQL/src/test/resources
2016-07-11 13:10:34,177 [Worker-40] INFO  o.e.m.c.i.embedder.EclipseLogger - Using 'UTF-8' encoding to copy filtered resources.
2016-07-11 13:10:34,177 [Worker-40] INFO  o.e.m.c.i.embedder.EclipseLogger - Copying 1 resource
2016-07-11 13:10:34,178 [Worker-40] INFO  o.e.m.c.i.embedder.EclipseLogger - Using 'UTF-8' encoding to copy filtered resources.
2016-07-11 13:10:34,178 [Worker-40] INFO  o.e.m.c.i.embedder.EclipseLogger - skip non existing resourceDirectory /home/karola/EclipseProjects/CSV_MySQL/csv_mySQL/src/test/resources
2016-07-11 13:13:15,078 [Worker-36] INFO  o.e.m.c.i.embedder.EclipseLogger - Using 'UTF-8' encoding to copy filtered resources.
2016-07-11 13:13:15,078 [Worker-36] INFO  o.e.m.c.i.embedder.EclipseLogger - Copying 1 resource
2016-07-11 13:13:15,078 [Worker-36] INFO  o.e.m.c.i.embedder.EclipseLogger - Using 'UTF-8' encoding to copy filtered resources.
2016-07-11 13:13:15,079 [Worker-36] INFO  o.e.m.c.i.embedder.EclipseLogger - skip non existing resourceDirectory /home/karola/EclipseProjects/CSV_MySQL/csv_mySQL/src/test/resources
2016-07-11 13:13:16,234 [Worker-35] INFO  o.e.m.c.i.embedder.EclipseLogger - Using 'UTF-8' encoding to copy filtered resources.
2016-07-11 13:13:16,234 [Worker-35] INFO  o.e.m.c.i.embedder.EclipseLogger - Copying 1 resource
2016-07-11 13:13:16,235 [Worker-35] INFO  o.e.m.c.i.embedder.EclipseLogger - Using 'UTF-8' encoding to copy filtered resources.
2016-07-11 13:13:16,235 [Worker-35] INFO  o.e.m.c.i.embedder.EclipseLogger - skip non existing resourceDirectory /home/karola/EclipseProjects/CSV_MySQL/csv_mySQL/src/test/resources
2016-07-11 13:13:23,425 [Worker-35] INFO  o.e.m.c.i.embedder.EclipseLogger - Using 'UTF-8' encoding to copy filtered resources.
2016-07-11 13:13:23,426 [Worker-35] INFO  o.e.m.c.i.embedder.EclipseLogger - Copying 1 resource
2016-07-11 13:13:23,426 [Worker-35] INFO  o.e.m.c.i.embedder.EclipseLogger - Using 'UTF-8' encoding to copy filtered resources.
2016-07-11 13:13:23,426 [Worker-35] INFO  o.e.m.c.i.embedder.EclipseLogger - skip non existing resourceDirectory /home/karola/EclipseProjects/CSV_MySQL/csv_mySQL/src/test/resources
2016-07-11 13:16:29,630 [Worker-34] INFO  o.e.m.c.i.embedder.EclipseLogger - Using 'UTF-8' encoding to copy filtered resources.
2016-07-11 13:16:29,631 [Worker-34] INFO  o.e.m.c.i.embedder.EclipseLogger - Copying 1 resource
2016-07-11 13:16:29,631 [Worker-34] INFO  o.e.m.c.i.embedder.EclipseLogger - Using 'UTF-8' encoding to copy filtered resources.
2016-07-11 13:16:29,631 [Worker-34] INFO  o.e.m.c.i.embedder.EclipseLogger - skip non existing resourceDirectory /home/karola/EclipseProjects/CSV_MySQL/csv_mySQL/src/test/resources
2016-07-11 13:18:08,497 [Worker-35] INFO  o.e.m.c.i.embedder.EclipseLogger - Using 'UTF-8' encoding to copy filtered resources.
2016-07-11 13:18:08,498 [Worker-35] INFO  o.e.m.c.i.embedder.EclipseLogger - Copying 1 resource
2016-07-11 13:18:08,499 [Worker-35] INFO  o.e.m.c.i.embedder.EclipseLogger - Using 'UTF-8' encoding to copy filtered resources.
2016-07-11 13:18:08,499 [Worker-35] INFO  o.e.m.c.i.embedder.EclipseLogger - skip non existing resourceDirectory /home/karola/EclipseProjects/CSV_MySQL/csv_mySQL/src/test/resources
2016-07-11 13:19:14,312 [Worker-37] INFO  o.e.m.c.i.embedder.EclipseLogger - Using 'UTF-8' encoding to copy filtered resources.
2016-07-11 13:19:14,312 [Worker-37] INFO  o.e.m.c.i.embedder.EclipseLogger - Copying 1 resource
2016-07-11 13:19:14,313 [Worker-37] INFO  o.e.m.c.i.embedder.EclipseLogger - Using 'UTF-8' encoding to copy filtered resources.
2016-07-11 13:19:14,313 [Worker-37] INFO  o.e.m.c.i.embedder.EclipseLogger - skip non existing resourceDirectory /home/karola/EclipseProjects/CSV_MySQL/csv_mySQL/src/test/resources
2016-07-11 13:19:28,162 [Worker-34] INFO  o.e.m.c.i.embedder.EclipseLogger - Using 'UTF-8' encoding to copy filtered resources.
2016-07-11 13:19:28,163 [Worker-34] INFO  o.e.m.c.i.embedder.EclipseLogger - Copying 6 resources
2016-07-11 13:19:28,164 [Worker-34] INFO  o.e.m.c.i.embedder.EclipseLogger - Using 'UTF-8' encoding to copy filtered resources.
2016-07-11 13:19:28,164 [Worker-34] INFO  o.e.m.c.i.embedder.EclipseLogger - skip non existing resourceDirectory /home/karola/EclipseProjects/CSV_MySQL/csv_mySQL/src/test/resources
2016-07-11 13:20:34,194 [Worker-36] INFO  o.e.m.c.i.embedder.EclipseLogger - Using 'UTF-8' encoding to copy filtered resources.
2016-07-11 13:20:34,194 [Worker-36] INFO  o.e.m.c.i.embedder.EclipseLogger - Copying 1 resource
2016-07-11 13:20:34,195 [Worker-36] INFO  o.e.m.c.i.embedder.EclipseLogger - Using 'UTF-8' encoding to copy filtered resources.
2016-07-11 13:20:34,195 [Worker-36] INFO  o.e.m.c.i.embedder.EclipseLogger - skip non existing resourceDirectory /home/karola/EclipseProjects/CSV_MySQL/csv_mySQL/src/test/resources
2016-07-11 13:21:39,994 [Worker-35] INFO  o.e.m.c.i.embedder.EclipseLogger - Using 'UTF-8' encoding to copy filtered resources.
2016-07-11 13:21:39,994 [Worker-35] INFO  o.e.m.c.i.embedder.EclipseLogger - Copying 1 resource
2016-07-11 13:21:39,995 [Worker-35] INFO  o.e.m.c.i.embedder.EclipseLogger - Using 'UTF-8' encoding to copy filtered resources.
2016-07-11 13:21:39,995 [Worker-35] INFO  o.e.m.c.i.embedder.EclipseLogger - skip non existing resourceDirectory /home/karola/EclipseProjects/CSV_MySQL/csv_mySQL/src/test/resources
2016-07-11 13:22:19,562 [Worker-36] INFO  o.e.m.c.i.embedder.EclipseLogger - Using 'UTF-8' encoding to copy filtered resources.
2016-07-11 13:22:19,562 [Worker-36] INFO  o.e.m.c.i.embedder.EclipseLogger - Copying 6 resources
2016-07-11 13:22:19,562 [Worker-36] INFO  o.e.m.c.i.embedder.EclipseLogger - Using 'UTF-8' encoding to copy filtered resources.
2016-07-11 13:22:19,562 [Worker-36] INFO  o.e.m.c.i.embedder.EclipseLogger - skip non existing resourceDirectory /home/karola/EclipseProjects/CSV_MySQL/csv_mySQL/src/test/resources
2016-07-11 13:26:47,609 [Worker-35] INFO  o.e.m.c.i.embedder.EclipseLogger - Using 'UTF-8' encoding to copy filtered resources.
2016-07-11 13:26:47,610 [Worker-35] INFO  o.e.m.c.i.embedder.EclipseLogger - Copying 1 resource
2016-07-11 13:26:47,610 [Worker-35] INFO  o.e.m.c.i.embedder.EclipseLogger - Using 'UTF-8' encoding to copy filtered resources.
2016-07-11 13:26:47,610 [Worker-35] INFO  o.e.m.c.i.embedder.EclipseLogger - skip non existing resourceDirectory /home/karola/EclipseProjects/CSV_MySQL/csv_mySQL/src/test/resources
2016-07-11 13:27:51,894 [Worker-35] INFO  o.e.m.c.i.embedder.EclipseLogger - Using 'UTF-8' encoding to copy filtered resources.
2016-07-11 13:27:51,894 [Worker-35] INFO  o.e.m.c.i.embedder.EclipseLogger - Copying 7 resources
2016-07-11 13:27:51,895 [Worker-35] INFO  o.e.m.c.i.embedder.EclipseLogger - Using 'UTF-8' encoding to copy filtered resources.
2016-07-11 13:27:51,895 [Worker-35] INFO  o.e.m.c.i.embedder.EclipseLogger - skip non existing resourceDirectory /home/karola/EclipseProjects/CSV_MySQL/csv_mySQL/src/test/resources
2016-07-11 13:30:58,452 [Worker-37] INFO  o.e.m.c.i.embedder.EclipseLogger - Using 'UTF-8' encoding to copy filtered resources.
2016-07-11 13:30:58,452 [Worker-37] INFO  o.e.m.c.i.embedder.EclipseLogger - Copying 1 resource
2016-07-11 13:30:58,453 [Worker-37] INFO  o.e.m.c.i.embedder.EclipseLogger - Using 'UTF-8' encoding to copy filtered resources.
2016-07-11 13:30:58,453 [Worker-37] INFO  o.e.m.c.i.embedder.EclipseLogger - skip non existing resourceDirectory /home/karola/EclipseProjects/CSV_MySQL/csv_mySQL/src/test/resources
2016-07-11 13:32:08,501 [Worker-35] INFO  o.e.m.c.i.embedder.EclipseLogger - Using 'UTF-8' encoding to copy filtered resources.
2016-07-11 13:32:08,502 [Worker-35] INFO  o.e.m.c.i.embedder.EclipseLogger - Copying 7 resources
2016-07-11 13:32:08,503 [Worker-35] INFO  o.e.m.c.i.embedder.EclipseLogger - Using 'UTF-8' encoding to copy filtered resources.
2016-07-11 13:32:08,503 [Worker-35] INFO  o.e.m.c.i.embedder.EclipseLogger - skip non existing resourceDirectory /home/karola/EclipseProjects/CSV_MySQL/csv_mySQL/src/test/resources
2016-07-11 13:32:22,357 [Worker-36] INFO  o.e.m.c.i.embedder.EclipseLogger - Using 'UTF-8' encoding to copy filtered resources.
2016-07-11 13:32:22,357 [Worker-36] INFO  o.e.m.c.i.embedder.EclipseLogger - Copying 1 resource
2016-07-11 13:32:22,358 [Worker-36] INFO  o.e.m.c.i.embedder.EclipseLogger - Using 'UTF-8' encoding to copy filtered resources.
2016-07-11 13:32:22,358 [Worker-36] INFO  o.e.m.c.i.embedder.EclipseLogger - skip non existing resourceDirectory /home/karola/EclipseProjects/CSV_MySQL/csv_mySQL/src/test/resources
2016-07-11 13:33:29,434 [Worker-41] INFO  o.e.m.c.i.embedder.EclipseLogger - Using 'UTF-8' encoding to copy filtered resources.
2016-07-11 13:33:29,434 [Worker-41] INFO  o.e.m.c.i.embedder.EclipseLogger - Copying 2 resources
2016-07-11 13:33:29,435 [Worker-41] INFO  o.e.m.c.i.embedder.EclipseLogger - Using 'UTF-8' encoding to copy filtered resources.
2016-07-11 13:33:29,435 [Worker-41] INFO  o.e.m.c.i.embedder.EclipseLogger - skip non existing resourceDirectory /home/karola/EclipseProjects/CSV_MySQL/csv_mySQL/src/test/resources
2016-07-11 13:36:52,241 [Worker-40] INFO  o.e.m.c.i.embedder.EclipseLogger - Using 'UTF-8' encoding to copy filtered resources.
2016-07-11 13:36:52,241 [Worker-40] INFO  o.e.m.c.i.embedder.EclipseLogger - Copying 8 resources
2016-07-11 13:36:52,243 [Worker-40] INFO  o.e.m.c.i.embedder.EclipseLogger - Using 'UTF-8' encoding to copy filtered resources.
2016-07-11 13:36:52,243 [Worker-40] INFO  o.e.m.c.i.embedder.EclipseLogger - skip non existing resourceDirectory /home/karola/EclipseProjects/CSV_MySQL/csv_mySQL/src/test/resources
2016-07-11 13:40:36,695 [Worker-38] INFO  o.e.m.c.i.embedder.EclipseLogger - Using 'UTF-8' encoding to copy filtered resources.
2016-07-11 13:40:36,695 [Worker-38] INFO  o.e.m.c.i.embedder.EclipseLogger - Copying 8 resources
2016-07-11 13:40:36,696 [Worker-38] INFO  o.e.m.c.i.embedder.EclipseLogger - Using 'UTF-8' encoding to copy filtered resources.
2016-07-11 13:40:36,697 [Worker-38] INFO  o.e.m.c.i.embedder.EclipseLogger - skip non existing resourceDirectory /home/karola/EclipseProjects/CSV_MySQL/csv_mySQL/src/test/resources
2016-07-11 13:41:07,352 [Worker-38] INFO  o.e.m.c.i.embedder.EclipseLogger - Using 'UTF-8' encoding to copy filtered resources.
2016-07-11 13:41:07,353 [Worker-38] INFO  o.e.m.c.i.embedder.EclipseLogger - Copying 8 resources
2016-07-11 13:41:07,353 [Worker-38] INFO  o.e.m.c.i.embedder.EclipseLogger - Using 'UTF-8' encoding to copy filtered resources.
2016-07-11 13:41:07,353 [Worker-38] INFO  o.e.m.c.i.embedder.EclipseLogger - skip non existing resourceDirectory /home/karola/EclipseProjects/CSV_MySQL/csv_mySQL/src/test/resources
2016-07-11 13:43:52,678 [Worker-45] INFO  o.e.m.c.i.embedder.EclipseLogger - Using 'UTF-8' encoding to copy filtered resources.
2016-07-11 13:43:52,678 [Worker-45] INFO  o.e.m.c.i.embedder.EclipseLogger - Copying 1 resource
2016-07-11 13:43:52,679 [Worker-45] INFO  o.e.m.c.i.embedder.EclipseLogger - Using 'UTF-8' encoding to copy filtered resources.
2016-07-11 13:43:52,679 [Worker-45] INFO  o.e.m.c.i.embedder.EclipseLogger - skip non existing resourceDirectory /home/karola/EclipseProjects/CSV_MySQL/csv_mySQL/src/test/resources
2016-07-11 13:44:10,579 [Worker-42] INFO  o.e.m.c.i.embedder.EclipseLogger - Using 'UTF-8' encoding to copy filtered resources.
2016-07-11 13:44:10,579 [Worker-42] INFO  o.e.m.c.i.embedder.EclipseLogger - Copying 1 resource
2016-07-11 13:44:10,580 [Worker-42] INFO  o.e.m.c.i.embedder.EclipseLogger - Using 'UTF-8' encoding to copy filtered resources.
2016-07-11 13:44:10,580 [Worker-42] INFO  o.e.m.c.i.embedder.EclipseLogger - skip non existing resourceDirectory /home/karola/EclipseProjects/CSV_MySQL/csv_mySQL/src/test/resources
2016-07-11 13:46:31,813 [Worker-43] INFO  o.e.m.c.i.embedder.EclipseLogger - Using 'UTF-8' encoding to copy filtered resources.
2016-07-11 13:46:31,813 [Worker-43] INFO  o.e.m.c.i.embedder.EclipseLogger - Copying 1 resource
2016-07-11 13:46:31,814 [Worker-43] INFO  o.e.m.c.i.embedder.EclipseLogger - Using 'UTF-8' encoding to copy filtered resources.
2016-07-11 13:46:31,814 [Worker-43] INFO  o.e.m.c.i.embedder.EclipseLogger - skip non existing resourceDirectory /home/karola/EclipseProjects/CSV_MySQL/csv_mySQL/src/test/resources
2016-07-11 13:46:36,167 [Worker-45] INFO  o.e.m.c.i.embedder.EclipseLogger - Using 'UTF-8' encoding to copy filtered resources.
2016-07-11 13:46:36,167 [Worker-45] INFO  o.e.m.c.i.embedder.EclipseLogger - Copying 1 resource
2016-07-11 13:46:36,168 [Worker-45] INFO  o.e.m.c.i.embedder.EclipseLogger - Using 'UTF-8' encoding to copy filtered resources.
2016-07-11 13:46:36,168 [Worker-45] INFO  o.e.m.c.i.embedder.EclipseLogger - skip non existing resourceDirectory /home/karola/EclipseProjects/CSV_MySQL/csv_mySQL/src/test/resources
2016-07-11 13:48:40,571 [Worker-49] INFO  o.e.m.c.i.embedder.EclipseLogger - Using 'UTF-8' encoding to copy filtered resources.
2016-07-11 13:48:40,571 [Worker-49] INFO  o.e.m.c.i.embedder.EclipseLogger - Copying 1 resource
2016-07-11 13:48:40,572 [Worker-49] INFO  o.e.m.c.i.embedder.EclipseLogger - Using 'UTF-8' encoding to copy filtered resources.
2016-07-11 13:48:40,572 [Worker-49] INFO  o.e.m.c.i.embedder.EclipseLogger - skip non existing resourceDirectory /home/karola/EclipseProjects/CSV_MySQL/csv_mySQL/src/test/resources
2016-07-11 13:53:34,601 [Worker-45] INFO  o.e.m.c.i.embedder.EclipseLogger - Using 'UTF-8' encoding to copy filtered resources.
2016-07-11 13:53:34,601 [Worker-45] INFO  o.e.m.c.i.embedder.EclipseLogger - Copying 1 resource
2016-07-11 13:53:34,602 [Worker-45] INFO  o.e.m.c.i.embedder.EclipseLogger - Using 'UTF-8' encoding to copy filtered resources.
2016-07-11 13:53:34,602 [Worker-45] INFO  o.e.m.c.i.embedder.EclipseLogger - skip non existing resourceDirectory /home/karola/EclipseProjects/CSV_MySQL/csv_mySQL/src/test/resources
2016-07-11 13:54:45,187 [Worker-43] INFO  o.e.m.c.i.embedder.EclipseLogger - Using 'UTF-8' encoding to copy filtered resources.
2016-07-11 13:54:45,187 [Worker-43] INFO  o.e.m.c.i.embedder.EclipseLogger - Copying 1 resource
2016-07-11 13:54:45,187 [Worker-43] INFO  o.e.m.c.i.embedder.EclipseLogger - Using 'UTF-8' encoding to copy filtered resources.
2016-07-11 13:54:45,188 [Worker-43] INFO  o.e.m.c.i.embedder.EclipseLogger - skip non existing resourceDirectory /home/karola/EclipseProjects/CSV_MySQL/csv_mySQL/src/test/resources
2016-07-11 13:56:47,043 [Worker-51] INFO  o.e.m.c.i.embedder.EclipseLogger - Using 'UTF-8' encoding to copy filtered resources.
2016-07-11 13:56:47,043 [Worker-51] INFO  o.e.m.c.i.embedder.EclipseLogger - Copying 1 resource
2016-07-11 13:56:47,044 [Worker-51] INFO  o.e.m.c.i.embedder.EclipseLogger - Using 'UTF-8' encoding to copy filtered resources.
2016-07-11 13:56:47,044 [Worker-51] INFO  o.e.m.c.i.embedder.EclipseLogger - skip non existing resourceDirectory /home/karola/EclipseProjects/CSV_MySQL/csv_mySQL/src/test/resources
2016-07-11 13:57:33,686 [Worker-50] INFO  o.e.m.c.i.embedder.EclipseLogger - Using 'UTF-8' encoding to copy filtered resources.
2016-07-11 13:57:33,686 [Worker-50] INFO  o.e.m.c.i.embedder.EclipseLogger - Copying 1 resource
2016-07-11 13:57:33,687 [Worker-50] INFO  o.e.m.c.i.embedder.EclipseLogger - Using 'UTF-8' encoding to copy filtered resources.
2016-07-11 13:57:33,687 [Worker-50] INFO  o.e.m.c.i.embedder.EclipseLogger - skip non existing resourceDirectory /home/karola/EclipseProjects/CSV_MySQL/csv_mySQL/src/test/resources
2016-07-11 14:00:27,608 [Worker-52] INFO  o.e.m.c.i.embedder.EclipseLogger - Using 'UTF-8' encoding to copy filtered resources.
2016-07-11 14:00:27,608 [Worker-52] INFO  o.e.m.c.i.embedder.EclipseLogger - Copying 8 resources
2016-07-11 14:00:27,609 [Worker-52] INFO  o.e.m.c.i.embedder.EclipseLogger - Using 'UTF-8' encoding to copy filtered resources.
2016-07-11 14:00:27,609 [Worker-52] INFO  o.e.m.c.i.embedder.EclipseLogger - skip non existing resourceDirectory /home/karola/EclipseProjects/CSV_MySQL/csv_mySQL/src/test/resources
2016-07-11 14:00:29,476 [Worker-53] INFO  o.e.m.c.i.embedder.EclipseLogger - Using 'UTF-8' encoding to copy filtered resources.
2016-07-11 14:00:29,476 [Worker-53] INFO  o.e.m.c.i.embedder.EclipseLogger - Copying 1 resource
2016-07-11 14:00:29,477 [Worker-53] INFO  o.e.m.c.i.embedder.EclipseLogger - Using 'UTF-8' encoding to copy filtered resources.
2016-07-11 14:00:29,477 [Worker-53] INFO  o.e.m.c.i.embedder.EclipseLogger - skip non existing resourceDirectory /home/karola/EclipseProjects/CSV_MySQL/csv_mySQL/src/test/resources
2016-07-11 14:01:56,473 [Worker-51] INFO  o.e.m.c.i.embedder.EclipseLogger - Using 'UTF-8' encoding to copy filtered resources.
2016-07-11 14:01:56,473 [Worker-51] INFO  o.e.m.c.i.embedder.EclipseLogger - Copying 1 resource
2016-07-11 14:01:56,474 [Worker-51] INFO  o.e.m.c.i.embedder.EclipseLogger - Using 'UTF-8' encoding to copy filtered resources.
2016-07-11 14:01:56,474 [Worker-51] INFO  o.e.m.c.i.embedder.EclipseLogger - skip non existing resourceDirectory /home/karola/EclipseProjects/CSV_MySQL/csv_mySQL/src/test/resources
2016-07-11 14:06:29,616 [Worker-51] INFO  o.e.m.c.i.embedder.EclipseLogger - Using 'UTF-8' encoding to copy filtered resources.
2016-07-11 14:06:29,616 [Worker-51] INFO  o.e.m.c.i.embedder.EclipseLogger - Copying 1 resource
2016-07-11 14:06:29,616 [Worker-51] INFO  o.e.m.c.i.embedder.EclipseLogger - Using 'UTF-8' encoding to copy filtered resources.
2016-07-11 14:06:29,616 [Worker-51] INFO  o.e.m.c.i.embedder.EclipseLogger - skip non existing resourceDirectory /home/karola/EclipseProjects/CSV_MySQL/csv_mySQL/src/test/resources
2016-07-11 14:06:38,463 [Worker-43] INFO  o.e.m.c.i.embedder.EclipseLogger - Using 'UTF-8' encoding to copy filtered resources.
2016-07-11 14:06:38,463 [Worker-43] INFO  o.e.m.c.i.embedder.EclipseLogger - Copying 1 resource
2016-07-11 14:06:38,464 [Worker-43] INFO  o.e.m.c.i.embedder.EclipseLogger - Using 'UTF-8' encoding to copy filtered resources.
2016-07-11 14:06:38,464 [Worker-43] INFO  o.e.m.c.i.embedder.EclipseLogger - skip non existing resourceDirectory /home/karola/EclipseProjects/CSV_MySQL/csv_mySQL/src/test/resources
2016-07-11 14:07:04,328 [Worker-53] INFO  o.e.m.c.i.embedder.EclipseLogger - Using 'UTF-8' encoding to copy filtered resources.
2016-07-11 14:07:04,329 [Worker-53] INFO  o.e.m.c.i.embedder.EclipseLogger - Copying 1 resource
2016-07-11 14:07:04,329 [Worker-53] INFO  o.e.m.c.i.embedder.EclipseLogger - Using 'UTF-8' encoding to copy filtered resources.
2016-07-11 14:07:04,329 [Worker-53] INFO  o.e.m.c.i.embedder.EclipseLogger - skip non existing resourceDirectory /home/karola/EclipseProjects/CSV_MySQL/csv_mySQL/src/test/resources
2016-07-11 14:07:52,456 [Worker-49] INFO  o.e.m.c.i.embedder.EclipseLogger - Using 'UTF-8' encoding to copy filtered resources.
2016-07-11 14:07:52,456 [Worker-49] INFO  o.e.m.c.i.embedder.EclipseLogger - Copying 1 resource
2016-07-11 14:07:52,457 [Worker-49] INFO  o.e.m.c.i.embedder.EclipseLogger - Using 'UTF-8' encoding to copy filtered resources.
2016-07-11 14:07:52,457 [Worker-49] INFO  o.e.m.c.i.embedder.EclipseLogger - skip non existing resourceDirectory /home/karola/EclipseProjects/CSV_MySQL/csv_mySQL/src/test/resources
2016-07-11 14:07:55,666 [Worker-53] INFO  o.e.m.c.i.embedder.EclipseLogger - Using 'UTF-8' encoding to copy filtered resources.
2016-07-11 14:07:55,666 [Worker-53] INFO  o.e.m.c.i.embedder.EclipseLogger - Copying 1 resource
2016-07-11 14:07:55,667 [Worker-53] INFO  o.e.m.c.i.embedder.EclipseLogger - Using 'UTF-8' encoding to copy filtered resources.
2016-07-11 14:07:55,667 [Worker-53] INFO  o.e.m.c.i.embedder.EclipseLogger - skip non existing resourceDirectory /home/karola/EclipseProjects/CSV_MySQL/csv_mySQL/src/test/resources
2016-07-11 14:08:11,311 [Worker-49] INFO  o.e.m.c.i.embedder.EclipseLogger - Using 'UTF-8' encoding to copy filtered resources.
2016-07-11 14:08:11,311 [Worker-49] INFO  o.e.m.c.i.embedder.EclipseLogger - Copying 1 resource
2016-07-11 14:08:11,312 [Worker-49] INFO  o.e.m.c.i.embedder.EclipseLogger - Using 'UTF-8' encoding to copy filtered resources.
2016-07-11 14:08:11,312 [Worker-49] INFO  o.e.m.c.i.embedder.EclipseLogger - skip non existing resourceDirectory /home/karola/EclipseProjects/CSV_MySQL/csv_mySQL/src/test/resources
2016-07-11 14:08:22,355 [Worker-50] INFO  o.e.m.c.i.embedder.EclipseLogger - Using 'UTF-8' encoding to copy filtered resources.
2016-07-11 14:08:22,355 [Worker-50] INFO  o.e.m.c.i.embedder.EclipseLogger - Copying 1 resource
2016-07-11 14:08:22,356 [Worker-50] INFO  o.e.m.c.i.embedder.EclipseLogger - Using 'UTF-8' encoding to copy filtered resources.
2016-07-11 14:08:22,356 [Worker-50] INFO  o.e.m.c.i.embedder.EclipseLogger - skip non existing resourceDirectory /home/karola/EclipseProjects/CSV_MySQL/csv_mySQL/src/test/resources
2016-07-11 14:08:28,703 [Worker-49] INFO  o.e.m.c.i.embedder.EclipseLogger - Using 'UTF-8' encoding to copy filtered resources.
2016-07-11 14:08:28,704 [Worker-49] INFO  o.e.m.c.i.embedder.EclipseLogger - Copying 1 resource
2016-07-11 14:08:28,705 [Worker-49] INFO  o.e.m.c.i.embedder.EclipseLogger - Using 'UTF-8' encoding to copy filtered resources.
2016-07-11 14:08:28,706 [Worker-49] INFO  o.e.m.c.i.embedder.EclipseLogger - skip non existing resourceDirectory /home/karola/EclipseProjects/CSV_MySQL/csv_mySQL/src/test/resources
2016-07-11 14:09:15,108 [Worker-52] INFO  o.e.m.c.i.embedder.EclipseLogger - Using 'UTF-8' encoding to copy filtered resources.
2016-07-11 14:09:15,109 [Worker-52] INFO  o.e.m.c.i.embedder.EclipseLogger - Copying 1 resource
2016-07-11 14:09:15,110 [Worker-52] INFO  o.e.m.c.i.embedder.EclipseLogger - Using 'UTF-8' encoding to copy filtered resources.
2016-07-11 14:09:15,110 [Worker-52] INFO  o.e.m.c.i.embedder.EclipseLogger - skip non existing resourceDirectory /home/karola/EclipseProjects/CSV_MySQL/csv_mySQL/src/test/resources
2016-07-11 14:09:46,914 [Worker-51] INFO  o.e.m.c.i.embedder.EclipseLogger - Using 'UTF-8' encoding to copy filtered resources.
2016-07-11 14:09:46,915 [Worker-51] INFO  o.e.m.c.i.embedder.EclipseLogger - Copying 8 resources
2016-07-11 14:09:46,928 [Worker-51] INFO  o.e.m.c.i.embedder.EclipseLogger - Using 'UTF-8' encoding to copy filtered resources.
2016-07-11 14:09:46,928 [Worker-51] INFO  o.e.m.c.i.embedder.EclipseLogger - skip non existing resourceDirectory /home/karola/EclipseProjects/CSV_MySQL/csv_mySQL/src/test/resources
2016-07-11 14:11:02,755 [Worker-49] INFO  o.e.m.c.i.embedder.EclipseLogger - Using 'UTF-8' encoding to copy filtered resources.
2016-07-11 14:11:02,755 [Worker-49] INFO  o.e.m.c.i.embedder.EclipseLogger - Copying 0 resource
2016-07-11 14:11:02,756 [Worker-49] INFO  o.e.m.c.i.embedder.EclipseLogger - Using 'UTF-8' encoding to copy filtered resources.
2016-07-11 14:11:02,756 [Worker-49] INFO  o.e.m.c.i.embedder.EclipseLogger - skip non existing resourceDirectory /home/karola/EclipseProjects/CSV_MySQL/csv_mySQL/src/test/resources
2016-07-11 14:11:04,125 [Worker-52] INFO  o.e.m.c.i.embedder.EclipseLogger - Using 'UTF-8' encoding to copy filtered resources.
2016-07-11 14:11:04,126 [Worker-52] INFO  o.e.m.c.i.embedder.EclipseLogger - Copying 8 resources
2016-07-11 14:11:04,127 [Worker-52] INFO  o.e.m.c.i.embedder.EclipseLogger - Using 'UTF-8' encoding to copy filtered resources.
2016-07-11 14:11:04,127 [Worker-52] INFO  o.e.m.c.i.embedder.EclipseLogger - skip non existing resourceDirectory /home/karola/EclipseProjects/CSV_MySQL/csv_mySQL/src/test/resources
2016-07-11 14:21:21,422 [Worker-55] INFO  o.e.m.c.i.embedder.EclipseLogger - Using 'UTF-8' encoding to copy filtered resources.
2016-07-11 14:21:21,423 [Worker-55] INFO  o.e.m.c.i.embedder.EclipseLogger - Copying 0 resource
2016-07-11 14:21:21,423 [Worker-55] INFO  o.e.m.c.i.embedder.EclipseLogger - Using 'UTF-8' encoding to copy filtered resources.
2016-07-11 14:21:21,423 [Worker-55] INFO  o.e.m.c.i.embedder.EclipseLogger - skip non existing resourceDirectory /home/karola/EclipseProjects/CSV_MySQL/csv_mySQL/src/test/resources
2016-07-11 14:21:49,241 [Worker-56] INFO  o.e.m.c.i.embedder.EclipseLogger - Using 'UTF-8' encoding to copy filtered resources.
2016-07-11 14:21:49,241 [Worker-56] INFO  o.e.m.c.i.embedder.EclipseLogger - Copying 8 resources
2016-07-11 14:21:49,242 [Worker-56] INFO  o.e.m.c.i.embedder.EclipseLogger - Using 'UTF-8' encoding to copy filtered resources.
2016-07-11 14:21:49,242 [Worker-56] INFO  o.e.m.c.i.embedder.EclipseLogger - skip non existing resourceDirectory /home/karola/EclipseProjects/CSV_MySQL/csv_mySQL/src/test/resources
2016-07-11 14:29:32,744 [Worker-61] INFO  o.e.m.c.i.embedder.EclipseLogger - Using 'UTF-8' encoding to copy filtered resources.
2016-07-11 14:29:32,745 [Worker-61] INFO  o.e.m.c.i.embedder.EclipseLogger - Copying 7 resources
2016-07-11 14:29:32,745 [Worker-61] INFO  o.e.m.c.i.embedder.EclipseLogger - Using 'UTF-8' encoding to copy filtered resources.
2016-07-11 14:29:32,745 [Worker-61] INFO  o.e.m.c.i.embedder.EclipseLogger - skip non existing resourceDirectory /home/karola/EclipseProjects/CSV_MySQL/csv_mySQL/src/test/resources
2016-07-11 14:32:36,424 [Worker-56] INFO  o.e.m.c.i.embedder.EclipseLogger - Using 'UTF-8' encoding to copy filtered resources.
2016-07-11 14:32:36,424 [Worker-56] INFO  o.e.m.c.i.embedder.EclipseLogger - Copying 6 resources
2016-07-11 14:32:36,425 [Worker-56] INFO  o.e.m.c.i.embedder.EclipseLogger - Using 'UTF-8' encoding to copy filtered resources.
2016-07-11 14:32:36,425 [Worker-56] INFO  o.e.m.c.i.embedder.EclipseLogger - skip non existing resourceDirectory /home/karola/EclipseProjects/CSV_MySQL/csv_mySQL/src/test/resources
2016-07-11 14:33:51,794 [Worker-53] INFO  o.e.m.c.i.embedder.EclipseLogger - Using 'UTF-8' encoding to copy filtered resources.
2016-07-11 14:33:51,795 [Worker-53] INFO  o.e.m.c.i.embedder.EclipseLogger - Copying 7 resources
2016-07-11 14:33:51,796 [Worker-53] INFO  o.e.m.c.i.embedder.EclipseLogger - Using 'UTF-8' encoding to copy filtered resources.
2016-07-11 14:33:51,796 [Worker-53] INFO  o.e.m.c.i.embedder.EclipseLogger - skip non existing resourceDirectory /home/karola/EclipseProjects/CSV_MySQL/csv_mySQL/src/test/resources
2016-07-11 14:34:28,085 [Worker-62] INFO  o.e.m.c.i.embedder.EclipseLogger - Using 'UTF-8' encoding to copy filtered resources.
2016-07-11 14:34:28,085 [Worker-62] INFO  o.e.m.c.i.embedder.EclipseLogger - Copying 7 resources
2016-07-11 14:34:28,086 [Worker-62] INFO  o.e.m.c.i.embedder.EclipseLogger - Using 'UTF-8' encoding to copy filtered resources.
2016-07-11 14:34:28,086 [Worker-62] INFO  o.e.m.c.i.embedder.EclipseLogger - skip non existing resourceDirectory /home/karola/EclipseProjects/CSV_MySQL/csv_mySQL/src/test/resources
2016-07-11 14:34:53,947 [Worker-53] INFO  o.e.m.c.i.embedder.EclipseLogger - Using 'UTF-8' encoding to copy filtered resources.
2016-07-11 14:34:53,947 [Worker-53] INFO  o.e.m.c.i.embedder.EclipseLogger - Copying 0 resource
2016-07-11 14:34:53,948 [Worker-53] INFO  o.e.m.c.i.embedder.EclipseLogger - Using 'UTF-8' encoding to copy filtered resources.
2016-07-11 14:34:53,948 [Worker-53] INFO  o.e.m.c.i.embedder.EclipseLogger - skip non existing resourceDirectory /home/karola/EclipseProjects/CSV_MySQL/csv_mySQL/src/test/resources
2016-07-11 14:36:48,437 [Worker-62] INFO  o.e.m.c.i.embedder.EclipseLogger - Using 'UTF-8' encoding to copy filtered resources.
2016-07-11 14:36:48,438 [Worker-62] INFO  o.e.m.c.i.embedder.EclipseLogger - Copying 3 resources
2016-07-11 14:36:48,438 [Worker-62] INFO  o.e.m.c.i.embedder.EclipseLogger - Using 'UTF-8' encoding to copy filtered resources.
2016-07-11 14:36:48,438 [Worker-62] INFO  o.e.m.c.i.embedder.EclipseLogger - skip non existing resourceDirectory /home/karola/EclipseProjects/CSV_MySQL/csv_mySQL/src/test/resources
2016-07-11 14:37:52,359 [Worker-53] INFO  o.e.m.c.i.embedder.EclipseLogger - Using 'UTF-8' encoding to copy filtered resources.
2016-07-11 14:37:52,360 [Worker-53] INFO  o.e.m.c.i.embedder.EclipseLogger - Copying 0 resource
2016-07-11 14:37:52,360 [Worker-53] INFO  o.e.m.c.i.embedder.EclipseLogger - Using 'UTF-8' encoding to copy filtered resources.
2016-07-11 14:37:52,360 [Worker-53] INFO  o.e.m.c.i.embedder.EclipseLogger - skip non existing resourceDirectory /home/karola/EclipseProjects/CSV_MySQL/csv_mySQL/src/test/resources
